         modeling parameters     
Fault Strike              =     0.00
Fault dip                 =    85.00
Fault depth to upper edge =     2.91
Fault Length              =    24.88
Fault Width               =    12.86
ratio of rupture to s-wave velocity =     0.80
FaultLat                  =     0.00
FaultLon                  =     0.00
No.of subs along strike   =       16
No.of subs along dip      =        8
subfault length           =     1.55
subfault width            =     1.61
i_rise_time (1=orig,2=1/f0) =  2
iseed, nsims =       -32183    1
-----------------------------------------------
input hypocenter at position    =  -1.000E+00 -1.000E+00
input hypocenter at subfault    =    0   0
n_hypocenters    =    1
Mag.                      =     6.50
-----------------------------------------------
dt (sec)                  =   0.0050
beta (km/s)               =     3.20
density (rho), gr/cm3     =     2.70
prtitn                    =     0.71
rtp                       =     0.55
fs                        =     2.00
pulsing Percentage        =    50.00
iflagscalefactor (1=vel^2; 2=acc^2;  3=asymptotic acc^2 (dmb)) = 2
flocut, nslope            =   0.000  4
iflagfas_avg              = 3
iflagpsa_avg_over_hypos   = 2
iflagpsa_avg_over_sims   = 1
stress parameter (bars)   =    96.06
fmax                      =   250.00
kappa                     =   0.0200
-----------------------------------------------
         Corner Frequency    
Dynamic Corner Frequency Flag is  ON =    1
-----------------------------------------------
 fr1, qr1, s1q, ft1, ft2, fr2, qr2, s2q, c_q, qt1, stq  = 
  0.1000000       250.4000      0.4000000      0.2000000      0.6000000    
   1.000000       250.4000      0.4000000       3.600000       330.4048    
 -0.4383613    
 Path duration: ndur_hinges, rpathdur, pathdur, durslope: 
  3
   0.0   0.00
  10.0   0.13
  50.0   0.17
  0.075
 gspread: i, nsprd_segs, r_ref, rlow, a_s, b_s, m_s
           1           3   10.00000       10.00000      -1.452009    
  0.0000000E+00   6.500000    
           2           3   10.00000       70.00000     -0.9825968    
  0.0000000E+00   6.500000    
           3           3   10.00000       119.0000      -1.530000    
  0.0000000E+00   6.500000    
-----------------------------------------------
window applied               = tapered boxcar
-----------------------------------------------
 Crustal amps from file crustal_amps.txt
    freq     amp
   0.100   0.843
 100.000   0.843
-----------------------------------------------
 site amps from file site_amps.txt
    freq     amp
   0.500   1.000
   1.000   1.130
   2.000   1.220
   5.000   1.360
  10.000   1.410
  50.000   1.410
-----------------------------------------------
-----------------------------------------------
         Analytical Pulse parameters     
-----------------------------------------------
Analytical Flag is  OFF   =     0
 
tpadl, tpadt, dt(sec)                     :    10.000    10.000     0.005
For site   1 siteLocation coordinates 1&2 =     12.44   -18.60
Site may have been moved to midpoint or end of surface projection of upper edge of fault
 
  For site   1 elapsed time (sec) =   0.48
