  isite ihyp  i0  j0   i   j nsubs slipWeights Diff_T_arrive NoOfEffectiveSubfaults NumberOfActiveSubs     f0main 1stElmntF0         f0        hij iflagscalefactor   1/f0main    1/1stF0       1/f0 riset_orig    dur_sub subFaultM0  Tot/subM0
      1    1   7   6   1   1   128  1.0000E+00     4.674E+00                      4                 79  1.804E-01  9.091E-01  2.119E-01  8.236E+00                2  5.544E+00  1.100E+00  4.720E+00  3.484E-01  4.862E+00  4.929E+23  1.280E+02
      1    1   7   6   1   2   128  1.0000E+00     4.427E+00                      4                 79  1.804E-01  9.091E-01  2.119E-01  8.236E+00                2  5.544E+00  1.100E+00  4.720E+00  3.484E-01  4.862E+00  4.929E+23  1.280E+02
      1    1   7   6   1   3   128  1.0000E+00     4.272E+00                      4                 79  1.804E-01  9.091E-01  2.119E-01  8.236E+00                2  5.544E+00  1.100E+00  4.720E+00  3.484E-01  4.863E+00  4.929E+23  1.280E+02
      1    1   7   6   1   4   128  1.0000E+00     4.223E+00                      4                 79  1.804E-01  9.091E-01  2.119E-01  8.236E+00                2  5.544E+00  1.100E+00  4.720E+00  3.484E-01  4.864E+00  4.929E+23  1.280E+02
      1    1   7   6   1   5   128  1.0000E+00     4.292E+00                      4                 79  1.804E-01  9.091E-01  2.119E-01  8.236E+00                2  5.544E+00  1.100E+00  4.720E+00  3.484E-01  4.865E+00  4.929E+23  1.280E+02
      1    1   7   6   1   6   128  1.0000E+00     4.490E+00                      4                 79  1.804E-01  9.091E-01  2.119E-01  8.236E+00                2  5.544E+00  1.100E+00  4.720E+00  3.484E-01  4.865E+00  4.929E+23  1.280E+02
      1    1   7   6   1   7   128  1.0000E+00     4.819E+00                      4                 79  1.804E-01  9.091E-01  2.119E-01  8.236E+00                2  5.544E+00  1.100E+00  4.720E+00  3.484E-01  4.866E+00  4.929E+23  1.280E+02
      1    1   7   6   1   8   128  1.0000E+00     5.271E+00                      4                 79  1.804E-01  9.091E-01  2.119E-01  8.236E+00                2  5.544E+00  1.100E+00  4.720E+00  3.484E-01  4.867E+00  4.929E+23  1.280E+02
      1    1   7   6   2   1   128  1.0000E+00     3.991E+00                      4                 79  1.804E-01  9.091E-01  2.119E-01  8.236E+00                2  5.544E+00  1.100E+00  4.720E+00  3.484E-01  4.861E+00  4.929E+23  1.280E+02
      1    1   7   6   2   2   128  1.0000E+00     3.705E+00                      4                 79  1.804E-01  9.091E-01  2.119E-01  8.236E+00                2  5.544E+00  1.100E+00  4.720E+00  3.484E-01  4.862E+00  4.929E+23  1.280E+02
      1    1   7   6   2   3   128  1.0000E+00     3.512E+00                      4                 79  1.804E-01  9.091E-01  2.119E-01  8.236E+00                2  5.544E+00  1.100E+00  4.720E+00  3.484E-01  4.862E+00  4.929E+23  1.280E+02
      1    1   7   6   2   4   128  1.0000E+00     3.430E+00                      4                 79  1.804E-01  9.091E-01  2.119E-01  8.236E+00                2  5.544E+00  1.100E+00  4.720E+00  3.484E-01  4.863E+00  4.929E+23  1.280E+02
      1    1   7   6   2   5   128  1.0000E+00     3.478E+00                      4                 79  1.804E-01  9.091E-01  2.119E-01  8.236E+00                2  5.544E+00  1.100E+00  4.720E+00  3.484E-01  4.864E+00  4.929E+23  1.280E+02
      1    1   7   6   2   6   128  1.0000E+00     3.672E+00                      4                 79  1.804E-01  9.091E-01  2.119E-01  8.236E+00                2  5.544E+00  1.100E+00  4.720E+00  3.484E-01  4.865E+00  4.929E+23  1.280E+02
      1    1   7   6   2   7   128  1.0000E+00     4.018E+00                      4                 79  1.804E-01  9.091E-01  2.119E-01  8.236E+00                2  5.544E+00  1.100E+00  4.720E+00  3.484E-01  4.866E+00  4.929E+23  1.280E+02
      1    1   7   6   2   8   128  1.0000E+00     4.506E+00                      4                 79  1.804E-01  9.091E-01  2.119E-01  8.236E+00                2  5.544E+00  1.100E+00  4.720E+00  3.484E-01  4.867E+00  4.929E+23  1.280E+02
      1    1   7   6   3   1   128  1.0000E+00     3.379E+00                      4                 79  1.804E-01  9.091E-01  2.119E-01  8.236E+00                2  5.544E+00  1.100E+00  4.720E+00  3.484E-01  4.860E+00  4.929E+23  1.280E+02
      1    1   7   6   3   2   128  1.0000E+00     3.049E+00                      4                 62  1.804E-01  9.091E-01  2.297E-01  7.024E+00                2  5.544E+00  1.100E+00  4.354E+00  3.484E-01  4.495E+00  4.929E+23  1.280E+02
      1    1   7   6   3   3   128  1.0000E+00     2.809E+00                      4                 62  1.804E-01  9.091E-01  2.297E-01  7.024E+00                2  5.544E+00  1.100E+00  4.354E+00  3.484E-01  4.495E+00  4.929E+23  1.280E+02
      1    1   7   6   3   4   128  1.0000E+00     2.681E+00                      4                 62  1.804E-01  9.091E-01  2.297E-01  7.024E+00                2  5.544E+00  1.100E+00  4.354E+00  3.484E-01  4.496E+00  4.929E+23  1.280E+02
      1    1   7   6   3   5   128  1.0000E+00     2.695E+00                      4                 62  1.804E-01  9.091E-01  2.297E-01  7.024E+00                2  5.544E+00  1.100E+00  4.354E+00  3.484E-01  4.497E+00  4.929E+23  1.280E+02
      1    1   7   6   3   6   128  1.0000E+00     2.880E+00                      4                 62  1.804E-01  9.091E-01  2.297E-01  7.024E+00                2  5.544E+00  1.100E+00  4.354E+00  3.484E-01  4.498E+00  4.929E+23  1.280E+02
      1    1   7   6   3   7   128  1.0000E+00     3.248E+00                      4                 62  1.804E-01  9.091E-01  2.297E-01  7.024E+00                2  5.544E+00  1.100E+00  4.354E+00  3.484E-01  4.499E+00  4.929E+23  1.280E+02
      1    1   7   6   3   8   128  1.0000E+00     3.783E+00                      4                 62  1.804E-01  9.091E-01  2.297E-01  7.024E+00                2  5.544E+00  1.100E+00  4.354E+00  3.484E-01  4.500E+00  4.929E+23  1.280E+02
      1    1   7   6   4   1   128  1.0000E+00     2.856E+00                      4                 79  1.804E-01  9.091E-01  2.119E-01  8.236E+00                2  5.544E+00  1.100E+00  4.720E+00  3.484E-01  4.860E+00  4.929E+23  1.280E+02
      1    1   7   6   4   2   128  1.0000E+00     2.479E+00                      4                 62  1.804E-01  9.091E-01  2.297E-01  7.024E+00                2  5.544E+00  1.100E+00  4.354E+00  3.484E-01  4.494E+00  4.929E+23  1.280E+02
      1    1   7   6   4   3   128  1.0000E+00     2.181E+00                      4                 42  1.804E-01  9.091E-01  2.615E-01  5.441E+00                2  5.544E+00  1.100E+00  3.824E+00  3.484E-01  3.964E+00  4.929E+23  1.280E+02
      1    1   7   6   4   4   128  1.0000E+00     1.989E+00                      4                 42  1.804E-01  9.091E-01  2.615E-01  5.441E+00                2  5.544E+00  1.100E+00  3.824E+00  3.484E-01  3.965E+00  4.929E+23  1.280E+02
      1    1   7   6   4   5   128  1.0000E+00     1.949E+00                      4                 42  1.804E-01  9.091E-01  2.615E-01  5.441E+00                2  5.544E+00  1.100E+00  3.824E+00  3.484E-01  3.966E+00  4.929E+23  1.280E+02
      1    1   7   6   4   6   128  1.0000E+00     2.115E+00                      4                 42  1.804E-01  9.091E-01  2.615E-01  5.441E+00                2  5.544E+00  1.100E+00  3.824E+00  3.484E-01  3.967E+00  4.929E+23  1.280E+02
      1    1   7   6   4   7   128  1.0000E+00     2.514E+00                      4                 42  1.804E-01  9.091E-01  2.615E-01  5.441E+00                2  5.544E+00  1.100E+00  3.824E+00  3.484E-01  3.968E+00  4.929E+23  1.280E+02
      1    1   7   6   4   8   128  1.0000E+00     3.115E+00                      4                 42  1.804E-01  9.091E-01  2.615E-01  5.441E+00                2  5.544E+00  1.100E+00  3.824E+00  3.484E-01  3.969E+00  4.929E+23  1.280E+02
      1    1   7   6   5   1   128  1.0000E+00     2.441E+00                      4                 79  1.804E-01  9.091E-01  2.119E-01  8.236E+00                2  5.544E+00  1.100E+00  4.720E+00  3.484E-01  4.859E+00  4.929E+23  1.280E+02
      1    1   7   6   5   2   128  1.0000E+00     2.018E+00                      4                 62  1.804E-01  9.091E-01  2.297E-01  7.024E+00                2  5.544E+00  1.100E+00  4.354E+00  3.484E-01  4.493E+00  4.929E+23  1.280E+02
      1    1   7   6   5   3   128  1.0000E+00     1.658E+00                      4                 42  1.804E-01  9.091E-01  2.615E-01  5.441E+00                2  5.544E+00  1.100E+00  3.824E+00  3.484E-01  3.964E+00  4.929E+23  1.280E+02
      1    1   7   6   5   4   128  1.0000E+00     1.385E+00                      4                 25  1.804E-01  9.091E-01  3.109E-01  3.875E+00                2  5.544E+00  1.100E+00  3.216E+00  3.484E-01  3.358E+00  4.929E+23  1.280E+02
      1    1   7   6   5   5   128  1.0000E+00     1.255E+00                      4                 25  1.804E-01  9.091E-01  3.109E-01  3.875E+00                2  5.544E+00  1.100E+00  3.216E+00  3.484E-01  3.358E+00  4.929E+23  1.280E+02
      1    1   7   6   5   6   128  1.0000E+00     1.379E+00                      4                 25  1.804E-01  9.091E-01  3.109E-01  3.875E+00                2  5.544E+00  1.100E+00  3.216E+00  3.484E-01  3.359E+00  4.929E+23  1.280E+02
      1    1   7   6   5   7   128  1.0000E+00     1.831E+00                      4                 25  1.804E-01  9.091E-01  3.109E-01  3.875E+00                2  5.544E+00  1.100E+00  3.216E+00  3.484E-01  3.361E+00  4.929E+23  1.280E+02
      1    1   7   6   5   8   128  1.0000E+00     2.531E+00                      4                 25  1.804E-01  9.091E-01  3.109E-01  3.875E+00                2  5.544E+00  1.100E+00  3.216E+00  3.484E-01  3.362E+00  4.929E+23  1.280E+02
      1    1   7   6   6   1   128  1.0000E+00     2.157E+00                      4                 79  1.804E-01  9.091E-01  2.119E-01  8.236E+00                2  5.544E+00  1.100E+00  4.720E+00  3.484E-01  4.859E+00  4.929E+23  1.280E+02
      1    1   7   6   6   2   128  1.0000E+00     1.700E+00                      4                 62  1.804E-01  9.091E-01  2.297E-01  7.024E+00                2  5.544E+00  1.100E+00  4.354E+00  3.484E-01  4.493E+00  4.929E+23  1.280E+02
      1    1   7   6   6   3   128  1.0000E+00     1.287E+00                      4                 42  1.804E-01  9.091E-01  2.615E-01  5.441E+00                2  5.544E+00  1.100E+00  3.824E+00  3.484E-01  3.964E+00  4.929E+23  1.280E+02
      1    1   7   6   6   4   128  1.0000E+00     9.271E-01                      4                 25  1.804E-01  9.091E-01  3.109E-01  3.875E+00                2  5.544E+00  1.100E+00  3.216E+00  3.484E-01  3.357E+00  4.929E+23  1.280E+02
      1    1   7   6   6   5   128  1.0000E+00     6.596E-01                      4                  9  1.804E-01  9.091E-01  4.370E-01  1.993E+00                2  5.544E+00  1.100E+00  2.288E+00  3.484E-01  2.430E+00  4.929E+23  1.280E+02
      1    1   7   6   6   6   128  1.0000E+00     6.735E-01                      4                  9  1.804E-01  9.091E-01  4.370E-01  1.993E+00                2  5.544E+00  1.100E+00  2.288E+00  3.484E-01  2.431E+00  4.929E+23  1.280E+02
      1    1   7   6   6   7   128  1.0000E+00     1.243E+00                      4                  9  1.804E-01  9.091E-01  4.370E-01  1.993E+00                2  5.544E+00  1.100E+00  2.288E+00  3.484E-01  2.432E+00  4.929E+23  1.280E+02
      1    1   7   6   6   8   128  1.0000E+00     2.088E+00                      4                 25  1.804E-01  9.091E-01  3.109E-01  3.875E+00                2  5.544E+00  1.100E+00  3.216E+00  3.484E-01  3.361E+00  4.929E+23  1.280E+02
      1    1   7   6   7   1   128  1.0000E+00     2.020E+00                      4                 79  1.804E-01  9.091E-01  2.119E-01  8.236E+00                2  5.544E+00  1.100E+00  4.720E+00  3.484E-01  4.858E+00  4.929E+23  1.280E+02
      1    1   7   6   7   2   128  1.0000E+00     1.551E+00                      4                 62  1.804E-01  9.091E-01  2.297E-01  7.024E+00                2  5.544E+00  1.100E+00  4.354E+00  3.484E-01  4.493E+00  4.929E+23  1.280E+02
      1    1   7   6   7   3   128  1.0000E+00     1.117E+00                      4                 42  1.804E-01  9.091E-01  2.615E-01  5.441E+00                2  5.544E+00  1.100E+00  3.824E+00  3.484E-01  3.963E+00  4.929E+23  1.280E+02
      1    1   7   6   7   4   128  1.0000E+00     7.165E-01                      4                 25  1.804E-01  9.091E-01  3.109E-01  3.875E+00                2  5.544E+00  1.100E+00  3.216E+00  3.484E-01  3.357E+00  4.929E+23  1.280E+02
      1    1   7   6   7   5   128  1.0000E+00     3.451E-01                      4                  9  1.804E-01  9.091E-01  4.370E-01  1.993E+00                2  5.544E+00  1.100E+00  2.288E+00  3.484E-01  2.429E+00  4.929E+23  1.280E+02
      1    1   7   6   7   6   128  1.0000E+00     0.000E+00                      4                  1  1.804E-01  9.091E-01  9.091E-01  4.872E-01                2  5.544E+00  1.100E+00  1.100E+00  3.484E-01  1.242E+00  4.929E+23  1.280E+02
      1    1   7   6   7   7   128  1.0000E+00     9.339E-01                      4                  9  1.804E-01  9.091E-01  4.370E-01  1.993E+00                2  5.544E+00  1.100E+00  2.288E+00  3.484E-01  2.432E+00  4.929E+23  1.280E+02
      1    1   7   6   7   8   128  1.0000E+00     1.888E+00                      4                 25  1.804E-01  9.091E-01  3.109E-01  3.875E+00                2  5.544E+00  1.100E+00  3.216E+00  3.484E-01  3.361E+00  4.929E+23  1.280E+02
      1    1   7   6   8   1   128  1.0000E+00     2.039E+00                      4                 79  1.804E-01  9.091E-01  2.119E-01  8.236E+00                2  5.544E+00  1.100E+00  4.720E+00  3.484E-01  4.858E+00  4.929E+23  1.280E+02
      1    1   7   6   8   2   128  1.0000E+00     1.585E+00                      4                 62  1.804E-01  9.091E-01  2.297E-01  7.024E+00                2  5.544E+00  1.100E+00  4.354E+00  3.484E-01  4.493E+00  4.929E+23  1.280E+02
      1    1   7   6   8   3   128  1.0000E+00     1.176E+00                      4                 42  1.804E-01  9.091E-01  2.615E-01  5.441E+00                2  5.544E+00  1.100E+00  3.824E+00  3.484E-01  3.963E+00  4.929E+23  1.280E+02
      1    1   7   6   8   4   128  1.0000E+00     8.197E-01                      4                 25  1.804E-01  9.091E-01  3.109E-01  3.875E+00                2  5.544E+00  1.100E+00  3.216E+00  3.484E-01  3.357E+00  4.929E+23  1.280E+02
      1    1   7   6   8   5   128  1.0000E+00     5.562E-01                      4                  9  1.804E-01  9.091E-01  4.370E-01  1.993E+00                2  5.544E+00  1.100E+00  2.288E+00  3.484E-01  2.429E+00  4.929E+23  1.280E+02
      1    1   7   6   8   6   128  1.0000E+00     5.741E-01                      4                  9  1.804E-01  9.091E-01  4.370E-01  1.993E+00                2  5.544E+00  1.100E+00  2.288E+00  3.484E-01  2.430E+00  4.929E+23  1.280E+02
      1    1   7   6   8   7   128  1.0000E+00     1.148E+00                      4                  9  1.804E-01  9.091E-01  4.370E-01  1.993E+00                2  5.544E+00  1.100E+00  2.288E+00  3.484E-01  2.431E+00  4.929E+23  1.280E+02
      1    1   7   6   8   8   128  1.0000E+00     1.997E+00                      4                 25  1.804E-01  9.091E-01  3.109E-01  3.875E+00                2  5.544E+00  1.100E+00  3.216E+00  3.484E-01  3.361E+00  4.929E+23  1.280E+02
      1    1   7   6   9   1   128  1.0000E+00     2.208E+00                      4                 79  1.804E-01  9.091E-01  2.119E-01  8.236E+00                2  5.544E+00  1.100E+00  4.720E+00  3.484E-01  4.858E+00  4.929E+23  1.280E+02
      1    1   7   6   9   2   128  1.0000E+00     1.791E+00                      4                 62  1.804E-01  9.091E-01  2.297E-01  7.024E+00                2  5.544E+00  1.100E+00  4.354E+00  3.484E-01  4.493E+00  4.929E+23  1.280E+02
      1    1   7   6   9   3   128  1.0000E+00     1.438E+00                      4                 42  1.804E-01  9.091E-01  2.615E-01  5.441E+00                2  5.544E+00  1.100E+00  3.824E+00  3.484E-01  3.963E+00  4.929E+23  1.280E+02
      1    1   7   6   9   4   128  1.0000E+00     1.172E+00                      4                 25  1.804E-01  9.091E-01  3.109E-01  3.875E+00                2  5.544E+00  1.100E+00  3.216E+00  3.484E-01  3.357E+00  4.929E+23  1.280E+02
      1    1   7   6   9   5   128  1.0000E+00     1.050E+00                      4                 25  1.804E-01  9.091E-01  3.109E-01  3.875E+00                2  5.544E+00  1.100E+00  3.216E+00  3.484E-01  3.358E+00  4.929E+23  1.280E+02
      1    1   7   6   9   6   128  1.0000E+00     1.181E+00                      4                 25  1.804E-01  9.091E-01  3.109E-01  3.875E+00                2  5.544E+00  1.100E+00  3.216E+00  3.484E-01  3.359E+00  4.929E+23  1.280E+02
      1    1   7   6   9   7   128  1.0000E+00     1.642E+00                      4                 25  1.804E-01  9.091E-01  3.109E-01  3.875E+00                2  5.544E+00  1.100E+00  3.216E+00  3.484E-01  3.360E+00  4.929E+23  1.280E+02
      1    1   7   6   9   8   128  1.0000E+00     2.349E+00                      4                 25  1.804E-01  9.091E-01  3.109E-01  3.875E+00                2  5.544E+00  1.100E+00  3.216E+00  3.484E-01  3.361E+00  4.929E+23  1.280E+02
      1    1   7   6  10   1   128  1.0000E+00     2.511E+00                      4                 79  1.804E-01  9.091E-01  2.119E-01  8.236E+00                2  5.544E+00  1.100E+00  4.720E+00  3.484E-01  4.858E+00  4.929E+23  1.280E+02
      1    1   7   6  10   2   128  1.0000E+00     2.142E+00                      4                 62  1.804E-01  9.091E-01  2.297E-01  7.024E+00                2  5.544E+00  1.100E+00  4.354E+00  3.484E-01  4.493E+00  4.929E+23  1.280E+02
      1    1   7   6  10   3   128  1.0000E+00     1.854E+00                      4                 42  1.804E-01  9.091E-01  2.615E-01  5.441E+00                2  5.544E+00  1.100E+00  3.824E+00  3.484E-01  3.963E+00  4.929E+23  1.280E+02
      1    1   7   6  10   4   128  1.0000E+00     1.674E+00                      4                 42  1.804E-01  9.091E-01  2.615E-01  5.441E+00                2  5.544E+00  1.100E+00  3.824E+00  3.484E-01  3.964E+00  4.929E+23  1.280E+02
      1    1   7   6  10   5   128  1.0000E+00     1.645E+00                      4                 42  1.804E-01  9.091E-01  2.615E-01  5.441E+00                2  5.544E+00  1.100E+00  3.824E+00  3.484E-01  3.965E+00  4.929E+23  1.280E+02
      1    1   7   6  10   6   128  1.0000E+00     1.822E+00                      4                 42  1.804E-01  9.091E-01  2.615E-01  5.441E+00                2  5.544E+00  1.100E+00  3.824E+00  3.484E-01  3.966E+00  4.929E+23  1.280E+02
      1    1   7   6  10   7   128  1.0000E+00     2.233E+00                      4                 42  1.804E-01  9.091E-01  2.615E-01  5.441E+00                2  5.544E+00  1.100E+00  3.824E+00  3.484E-01  3.967E+00  4.929E+23  1.280E+02
      1    1   7   6  10   8   128  1.0000E+00     2.845E+00                      4                 42  1.804E-01  9.091E-01  2.615E-01  5.441E+00                2  5.544E+00  1.100E+00  3.824E+00  3.484E-01  3.968E+00  4.929E+23  1.280E+02
      1    1   7   6  11   1   128  1.0000E+00     2.929E+00                      4                 79  1.804E-01  9.091E-01  2.119E-01  8.236E+00                2  5.544E+00  1.100E+00  4.720E+00  3.484E-01  4.859E+00  4.929E+23  1.280E+02
      1    1   7   6  11   2   128  1.0000E+00     2.610E+00                      4                 62  1.804E-01  9.091E-01  2.297E-01  7.024E+00                2  5.544E+00  1.100E+00  4.354E+00  3.484E-01  4.493E+00  4.929E+23  1.280E+02
      1    1   7   6  11   3   128  1.0000E+00     2.382E+00                      4                 62  1.804E-01  9.091E-01  2.297E-01  7.024E+00                2  5.544E+00  1.100E+00  4.354E+00  3.484E-01  4.494E+00  4.929E+23  1.280E+02
      1    1   7   6  11   4   128  1.0000E+00     2.267E+00                      4                 62  1.804E-01  9.091E-01  2.297E-01  7.024E+00                2  5.544E+00  1.100E+00  4.354E+00  3.484E-01  4.494E+00  4.929E+23  1.280E+02
      1    1   7   6  11   5   128  1.0000E+00     2.295E+00                      4                 62  1.804E-01  9.091E-01  2.297E-01  7.024E+00                2  5.544E+00  1.100E+00  4.354E+00  3.484E-01  4.495E+00  4.929E+23  1.280E+02
      1    1   7   6  11   6   128  1.0000E+00     2.496E+00                      4                 62  1.804E-01  9.091E-01  2.297E-01  7.024E+00                2  5.544E+00  1.100E+00  4.354E+00  3.484E-01  4.496E+00  4.929E+23  1.280E+02
      1    1   7   6  11   7   128  1.0000E+00     2.879E+00                      4                 62  1.804E-01  9.091E-01  2.297E-01  7.024E+00                2  5.544E+00  1.100E+00  4.354E+00  3.484E-01  4.497E+00  4.929E+23  1.280E+02
      1    1   7   6  11   8   128  1.0000E+00     3.428E+00                      4                 62  1.804E-01  9.091E-01  2.297E-01  7.024E+00                2  5.544E+00  1.100E+00  4.354E+00  3.484E-01  4.499E+00  4.929E+23  1.280E+02
      1    1   7   6  12   1   128  1.0000E+00     3.443E+00                      4                 79  1.804E-01  9.091E-01  2.119E-01  8.236E+00                2  5.544E+00  1.100E+00  4.720E+00  3.484E-01  4.859E+00  4.929E+23  1.280E+02
      1    1   7   6  12   2   128  1.0000E+00     3.169E+00                      4                 79  1.804E-01  9.091E-01  2.119E-01  8.236E+00                2  5.544E+00  1.100E+00  4.720E+00  3.484E-01  4.860E+00  4.929E+23  1.280E+02
      1    1   7   6  12   3   128  1.0000E+00     2.991E+00                      4                 79  1.804E-01  9.091E-01  2.119E-01  8.236E+00                2  5.544E+00  1.100E+00  4.720E+00  3.484E-01  4.860E+00  4.929E+23  1.280E+02
      1    1   7   6  12   4   128  1.0000E+00     2.924E+00                      4                 79  1.804E-01  9.091E-01  2.119E-01  8.236E+00                2  5.544E+00  1.100E+00  4.720E+00  3.484E-01  4.861E+00  4.929E+23  1.280E+02
      1    1   7   6  12   5   128  1.0000E+00     2.989E+00                      4                 79  1.804E-01  9.091E-01  2.119E-01  8.236E+00                2  5.544E+00  1.100E+00  4.720E+00  3.484E-01  4.862E+00  4.929E+23  1.280E+02
      1    1   7   6  12   6   128  1.0000E+00     3.201E+00                      4                 79  1.804E-01  9.091E-01  2.119E-01  8.236E+00                2  5.544E+00  1.100E+00  4.720E+00  3.484E-01  4.863E+00  4.929E+23  1.280E+02
      1    1   7   6  12   7   128  1.0000E+00     3.565E+00                      4                 79  1.804E-01  9.091E-01  2.119E-01  8.236E+00                2  5.544E+00  1.100E+00  4.720E+00  3.484E-01  4.864E+00  4.929E+23  1.280E+02
      1    1   7   6  12   8   128  1.0000E+00     4.070E+00                      4                 79  1.804E-01  9.091E-01  2.119E-01  8.236E+00                2  5.544E+00  1.100E+00  4.720E+00  3.484E-01  4.865E+00  4.929E+23  1.280E+02
      1    1   7   6  13   1   128  1.0000E+00     4.036E+00                      4                 79  1.804E-01  9.091E-01  2.119E-01  8.236E+00                2  5.544E+00  1.100E+00  4.720E+00  3.484E-01  4.860E+00  4.929E+23  1.280E+02
      1    1   7   6  13   2   128  1.0000E+00     3.802E+00                      4                 79  1.804E-01  9.091E-01  2.119E-01  8.236E+00                2  5.544E+00  1.100E+00  4.720E+00  3.484E-01  4.860E+00  4.929E+23  1.280E+02
      1    1   7   6  13   3   128  1.0000E+00     3.662E+00                      4                 79  1.804E-01  9.091E-01  2.119E-01  8.236E+00                2  5.544E+00  1.100E+00  4.720E+00  3.484E-01  4.861E+00  4.929E+23  1.280E+02
      1    1   7   6  13   4   128  1.0000E+00     3.631E+00                      4                 79  1.804E-01  9.091E-01  2.119E-01  8.236E+00                2  5.544E+00  1.100E+00  4.720E+00  3.484E-01  4.862E+00  4.929E+23  1.280E+02
      1    1   7   6  13   5   128  1.0000E+00     3.720E+00                      4                 79  1.804E-01  9.091E-01  2.119E-01  8.236E+00                2  5.544E+00  1.100E+00  4.720E+00  3.484E-01  4.862E+00  4.929E+23  1.280E+02
      1    1   7   6  13   6   128  1.0000E+00     3.937E+00                      4                 79  1.804E-01  9.091E-01  2.119E-01  8.236E+00                2  5.544E+00  1.100E+00  4.720E+00  3.484E-01  4.863E+00  4.929E+23  1.280E+02
      1    1   7   6  13   7   128  1.0000E+00     4.285E+00                      4                 79  1.804E-01  9.091E-01  2.119E-01  8.236E+00                2  5.544E+00  1.100E+00  4.720E+00  3.484E-01  4.864E+00  4.929E+23  1.280E+02
      1    1   7   6  13   8   128  1.0000E+00     4.757E+00                      4                 79  1.804E-01  9.091E-01  2.119E-01  8.236E+00                2  5.544E+00  1.100E+00  4.720E+00  3.484E-01  4.866E+00  4.929E+23  1.280E+02
      1    1   7   6  14   1   128  1.0000E+00     4.694E+00                      4                 70  1.804E-01  9.091E-01  2.206E-01  7.607E+00                2  5.544E+00  1.100E+00  4.534E+00  3.484E-01  4.674E+00  4.929E+23  1.280E+02
      1    1   7   6  14   2   128  1.0000E+00     4.493E+00                      4                 70  1.804E-01  9.091E-01  2.206E-01  7.607E+00                2  5.544E+00  1.100E+00  4.534E+00  3.484E-01  4.674E+00  4.929E+23  1.280E+02
      1    1   7   6  14   3   128  1.0000E+00     4.385E+00                      4                 70  1.804E-01  9.091E-01  2.206E-01  7.607E+00                2  5.544E+00  1.100E+00  4.534E+00  3.484E-01  4.675E+00  4.929E+23  1.280E+02
      1    1   7   6  14   4   128  1.0000E+00     4.379E+00                      4                 70  1.804E-01  9.091E-01  2.206E-01  7.607E+00                2  5.544E+00  1.100E+00  4.534E+00  3.484E-01  4.676E+00  4.929E+23  1.280E+02
      1    1   7   6  14   5   128  1.0000E+00     4.483E+00                      4                 70  1.804E-01  9.091E-01  2.206E-01  7.607E+00                2  5.544E+00  1.100E+00  4.534E+00  3.484E-01  4.677E+00  4.929E+23  1.280E+02
      1    1   7   6  14   6   128  1.0000E+00     4.702E+00                      4                 70  1.804E-01  9.091E-01  2.206E-01  7.607E+00                2  5.544E+00  1.100E+00  4.534E+00  3.484E-01  4.677E+00  4.929E+23  1.280E+02
      1    1   7   6  14   7   128  1.0000E+00     5.037E+00                      4                 70  1.804E-01  9.091E-01  2.206E-01  7.607E+00                2  5.544E+00  1.100E+00  4.534E+00  3.484E-01  4.679E+00  4.929E+23  1.280E+02
      1    1   7   6  14   8   128  1.0000E+00     5.481E+00                      4                 70  1.804E-01  9.091E-01  2.206E-01  7.607E+00                2  5.544E+00  1.100E+00  4.534E+00  3.484E-01  4.680E+00  4.929E+23  1.280E+02
      1    1   7   6  15   1   128  1.0000E+00     5.408E+00                      4                 57  1.804E-01  9.091E-01  2.362E-01  6.647E+00                2  5.544E+00  1.100E+00  4.233E+00  3.484E-01  4.374E+00  4.929E+23  1.280E+02
      1    1   7   6  15   2   128  1.0000E+00     5.234E+00                      4                 57  1.804E-01  9.091E-01  2.362E-01  6.647E+00                2  5.544E+00  1.100E+00  4.233E+00  3.484E-01  4.375E+00  4.929E+23  1.280E+02
      1    1   7   6  15   3   128  1.0000E+00     5.150E+00                      4                 57  1.804E-01  9.091E-01  2.362E-01  6.647E+00                2  5.544E+00  1.100E+00  4.233E+00  3.484E-01  4.376E+00  4.929E+23  1.280E+02
      1    1   7   6  15   4   128  1.0000E+00     5.162E+00                      4                 57  1.804E-01  9.091E-01  2.362E-01  6.647E+00                2  5.544E+00  1.100E+00  4.233E+00  3.484E-01  4.376E+00  4.929E+23  1.280E+02
      1    1   7   6  15   5   128  1.0000E+00     5.276E+00                      4                 57  1.804E-01  9.091E-01  2.362E-01  6.647E+00                2  5.544E+00  1.100E+00  4.233E+00  3.484E-01  4.377E+00  4.929E+23  1.280E+02
      1    1   7   6  15   6   128  1.0000E+00     5.494E+00                      4                 57  1.804E-01  9.091E-01  2.362E-01  6.647E+00                2  5.544E+00  1.100E+00  4.233E+00  3.484E-01  4.378E+00  4.929E+23  1.280E+02
      1    1   7   6  15   7   128  1.0000E+00     5.817E+00                      4                 57  1.804E-01  9.091E-01  2.362E-01  6.647E+00                2  5.544E+00  1.100E+00  4.233E+00  3.484E-01  4.379E+00  4.929E+23  1.280E+02
      1    1   7   6  15   8   128  1.0000E+00     6.239E+00                      4                 57  1.804E-01  9.091E-01  2.362E-01  6.647E+00                2  5.544E+00  1.100E+00  4.233E+00  3.484E-01  4.380E+00  4.929E+23  1.280E+02
      1    1   7   6  16   1   128  1.0000E+00     6.168E+00                      4                 40  1.804E-01  9.091E-01  2.658E-01  5.269E+00                2  5.544E+00  1.100E+00  3.762E+00  3.484E-01  3.904E+00  4.929E+23  1.280E+02
      1    1   7   6  16   2   128  1.0000E+00     6.016E+00                      4                 40  1.804E-01  9.091E-01  2.658E-01  5.269E+00                2  5.544E+00  1.100E+00  3.762E+00  3.484E-01  3.904E+00  4.929E+23  1.280E+02
      1    1   7   6  16   3   128  1.0000E+00     5.951E+00                      4                 40  1.804E-01  9.091E-01  2.658E-01  5.269E+00                2  5.544E+00  1.100E+00  3.762E+00  3.484E-01  3.905E+00  4.929E+23  1.280E+02
      1    1   7   6  16   4   128  1.0000E+00     5.977E+00                      4                 40  1.804E-01  9.091E-01  2.658E-01  5.269E+00                2  5.544E+00  1.100E+00  3.762E+00  3.484E-01  3.906E+00  4.929E+23  1.280E+02
      1    1   7   6  16   5   128  1.0000E+00     6.097E+00                      4                 40  1.804E-01  9.091E-01  2.658E-01  5.269E+00                2  5.544E+00  1.100E+00  3.762E+00  3.484E-01  3.907E+00  4.929E+23  1.280E+02
      1    1   7   6  16   6   128  1.0000E+00     6.312E+00                      4                 40  1.804E-01  9.091E-01  2.658E-01  5.269E+00                2  5.544E+00  1.100E+00  3.762E+00  3.484E-01  3.907E+00  4.929E+23  1.280E+02
      1    1   7   6  16   7   128  1.0000E+00     6.623E+00                      4                 40  1.804E-01  9.091E-01  2.658E-01  5.269E+00                2  5.544E+00  1.100E+00  3.762E+00  3.484E-01  3.908E+00  4.929E+23  1.280E+02
      1    1   7   6  16   8   128  1.0000E+00     7.025E+00                      4                 40  1.804E-01  9.091E-01  2.658E-01  5.269E+00                2  5.544E+00  1.100E+00  3.762E+00  3.484E-01  3.909E+00  4.929E+23  1.280E+02
