 nptsTotalWave =     7584 npw2TotalWave =     8192
 
 itr  i0  j0   i   j t_arrive(i0,j0) t_arrive_min t_arrive(i,j) risetime(i,j) risetime_max dur_path(i,j) dur_sub(i,j) t_arrive(i,j)+dur_sub(i,j) imx jmx t_arrive(imax,jmax) dur_sub(imax,jmax) t_arrive(imax,jmax)+dur_sub(imax,jmax) risetime_max t_end_max
   1   5   2   1   1             6.4          6.4           9.6           4.1          4.3          0.14         4.21                       13.8  18   7                16.6                3.4                                   20.0          4.3      20.0
   1   5   2   1   2             6.4          6.4           9.6           4.1          4.3          0.14         4.21                       13.8  18   7                16.6                3.4                                   20.0          4.3      20.0
   1   5   2   1   3             6.4          6.4           9.8           4.1          4.3          0.14         4.21                       14.0  18   7                16.6                3.4                                   20.0          4.3      20.0
   1   5   2   1   4             6.4          6.4          10.2           4.1          4.3          0.14         4.21                       14.4  18   7                16.6                3.4                                   20.0          4.3      20.0
   1   5   2   1   5             6.4          6.4          10.8           4.1          4.3          0.14         4.21                       15.0  18   7                16.6                3.4                                   20.0          4.3      20.0
   1   5   2   1   6             6.4          6.4          11.5           4.1          4.3          0.15         4.21                       15.7  18   7                16.6                3.4                                   20.0          4.3      20.0
   1   5   2   1   7             6.4          6.4          12.2           4.3          4.3          0.15         4.41                       16.6  18   7                16.6                3.4                                   20.0          4.3      20.0
   1   5   2   2   1             6.4          6.4           8.8           3.5          4.3          0.14         3.68                       12.4  18   7                16.6                3.4                                   20.0          4.3      20.0
   1   5   2   2   2             6.4          6.4           8.7           3.5          4.3          0.14         3.68                       12.4  18   7                16.6                3.4                                   20.0          4.3      20.0
   1   5   2   2   3             6.4          6.4           9.0           3.5          4.3          0.14         3.68                       12.7  18   7                16.6                3.4                                   20.0          4.3      20.0
   1   5   2   2   4             6.4          6.4           9.5           3.5          4.3          0.14         3.68                       13.2  18   7                16.6                3.4                                   20.0          4.3      20.0
   1   5   2   2   5             6.4          6.4          10.1           3.5          4.3          0.14         3.69                       13.8  18   7                16.6                3.4                                   20.0          4.3      20.0
   1   5   2   2   6             6.4          6.4          10.9           4.1          4.3          0.14         4.21                       15.1  18   7                16.6                3.4                                   20.0          4.3      20.0
   1   5   2   2   7             6.4          6.4          11.7           4.3          4.3          0.15         4.41                       16.1  18   7                16.6                3.4                                   20.0          4.3      20.0
   1   5   2   3   1             6.4          6.4           8.0           2.9          4.3          0.14         3.08                       11.1  18   7                16.6                3.4                                   20.0          4.3      20.0
   1   5   2   3   2             6.4          6.4           7.9           2.9          4.3          0.14         3.08                       11.0  18   7                16.6                3.4                                   20.0          4.3      20.0
   1   5   2   3   3             6.4          6.4           8.2           2.9          4.3          0.14         3.08                       11.3  18   7                16.6                3.4                                   20.0          4.3      20.0
   1   5   2   3   4             6.4          6.4           8.8           2.9          4.3          0.14         3.08                       11.9  18   7                16.6                3.4                                   20.0          4.3      20.0
   1   5   2   3   5             6.4          6.4           9.6           3.5          4.3          0.14         3.68                       13.2  18   7                16.6                3.4                                   20.0          4.3      20.0
   1   5   2   3   6             6.4          6.4          10.4           4.1          4.3          0.14         4.21                       14.6  18   7                16.6                3.4                                   20.0          4.3      20.0
   1   5   2   3   7             6.4          6.4          11.2           4.3          4.3          0.14         4.41                       15.7  18   7                16.6                3.4                                   20.0          4.3      20.0
   1   5   2   4   1             6.4          6.4           7.3           2.3          4.3          0.14         2.39                        9.7  18   7                16.6                3.4                                   20.0          4.3      20.0
   1   5   2   4   2             6.4          6.4           7.1           2.3          4.3          0.14         2.39                        9.5  18   7                16.6                3.4                                   20.0          4.3      20.0
   1   5   2   4   3             6.4          6.4           7.6           2.3          4.3          0.14         2.39                        9.9  18   7                16.6                3.4                                   20.0          4.3      20.0
   1   5   2   4   4             6.4          6.4           8.3           2.9          4.3          0.14         3.08                       11.4  18   7                16.6                3.4                                   20.0          4.3      20.0
   1   5   2   4   5             6.4          6.4           9.1           3.5          4.3          0.14         3.68                       12.8  18   7                16.6                3.4                                   20.0          4.3      20.0
   1   5   2   4   6             6.4          6.4          10.0           4.1          4.3          0.14         4.21                       14.2  18   7                16.6                3.4                                   20.0          4.3      20.0
   1   5   2   4   7             6.4          6.4          10.9           4.3          4.3          0.14         4.41                       15.3  18   7                16.6                3.4                                   20.0          4.3      20.0
   1   5   2   5   1             6.4          6.4           6.9           2.3          4.3          0.14         2.39                        9.3  18   7                16.6                3.4                                   20.0          4.3      20.0
   1   5   2   5   2             6.4          6.4           6.4           1.1          4.3          0.14         1.22                        7.6  18   7                16.6                3.4                                   20.0          4.3      20.0
   1   5   2   5   3             6.4          6.4           7.2           2.3          4.3          0.14         2.39                        9.5  18   7                16.6                3.4                                   20.0          4.3      20.0
   1   5   2   5   4             6.4          6.4           8.0           2.9          4.3          0.14         3.08                       11.1  18   7                16.6                3.4                                   20.0          4.3      20.0
   1   5   2   5   5             6.4          6.4           8.9           3.5          4.3          0.14         3.68                       12.6  18   7                16.6                3.4                                   20.0          4.3      20.0
   1   5   2   5   6             6.4          6.4           9.8           4.1          4.3          0.14         4.21                       14.0  18   7                16.6                3.4                                   20.0          4.3      20.0
   1   5   2   5   7             6.4          6.4          10.7           4.3          4.3          0.14         4.41                       15.1  18   7                16.6                3.4                                   20.0          4.3      20.0
   1   5   2   6   1             6.4          6.4           7.0           2.3          4.3          0.14         2.39                        9.4  18   7                16.6                3.4                                   20.0          4.3      20.0
   1   5   2   6   2             6.4          6.4           6.8           2.3          4.3          0.14         2.39                        9.2  18   7                16.6                3.4                                   20.0          4.3      20.0
   1   5   2   6   3             6.4          6.4           7.2           2.3          4.3          0.14         2.39                        9.6  18   7                16.6                3.4                                   20.0          4.3      20.0
   1   5   2   6   4             6.4          6.4           8.0           2.9          4.3          0.14         3.08                       11.1  18   7                16.6                3.4                                   20.0          4.3      20.0
   1   5   2   6   5             6.4          6.4           8.8           3.5          4.3          0.14         3.68                       12.5  18   7                16.6                3.4                                   20.0          4.3      20.0
   1   5   2   6   6             6.4          6.4           9.7           4.1          4.3          0.14         4.21                       13.9  18   7                16.6                3.4                                   20.0          4.3      20.0
   1   5   2   6   7             6.4          6.4          10.6           4.3          4.3          0.14         4.41                       15.1  18   7                16.6                3.4                                   20.0          4.3      20.0
   1   5   2   7   1             6.4          6.4           7.3           2.9          4.3          0.14         3.08                       10.4  18   7                16.6                3.4                                   20.0          4.3      20.0
   1   5   2   7   2             6.4          6.4           7.3           2.9          4.3          0.14         3.08                       10.4  18   7                16.6                3.4                                   20.0          4.3      20.0
   1   5   2   7   3             6.4          6.4           7.6           2.9          4.3          0.14         3.08                       10.7  18   7                16.6                3.4                                   20.0          4.3      20.0
   1   5   2   7   4             6.4          6.4           8.2           2.9          4.3          0.14         3.08                       11.3  18   7                16.6                3.4                                   20.0          4.3      20.0
   1   5   2   7   5             6.4          6.4           9.0           3.5          4.3          0.14         3.68                       12.7  18   7                16.6                3.4                                   20.0          4.3      20.0
   1   5   2   7   6             6.4          6.4           9.8           4.1          4.3          0.14         4.21                       14.0  18   7                16.6                3.4                                   20.0          4.3      20.0
   1   5   2   7   7             6.4          6.4          10.7           4.3          4.3          0.14         4.41                       15.1  18   7                16.6                3.4                                   20.0          4.3      20.0
   1   5   2   8   1             6.4          6.4           7.8           3.5          4.3          0.14         3.68                       11.5  18   7                16.6                3.4                                   20.0          4.3      20.0
   1   5   2   8   2             6.4          6.4           7.8           3.5          4.3          0.14         3.68                       11.5  18   7                16.6                3.4                                   20.0          4.3      20.0
   1   5   2   8   3             6.4          6.4           8.1           3.5          4.3          0.14         3.68                       11.8  18   7                16.6                3.4                                   20.0          4.3      20.0
   1   5   2   8   4             6.4          6.4           8.6           3.5          4.3          0.14         3.68                       12.3  18   7                16.6                3.4                                   20.0          4.3      20.0
   1   5   2   8   5             6.4          6.4           9.3           3.5          4.3          0.14         3.68                       12.9  18   7                16.6                3.4                                   20.0          4.3      20.0
   1   5   2   8   6             6.4          6.4          10.0           4.1          4.3          0.14         4.21                       14.2  18   7                16.6                3.4                                   20.0          4.3      20.0
   1   5   2   8   7             6.4          6.4          10.9           4.3          4.3          0.14         4.40                       15.3  18   7                16.6                3.4                                   20.0          4.3      20.0
   1   5   2   9   1             6.4          6.4           8.3           4.1          4.3          0.14         4.21                       12.5  18   7                16.6                3.4                                   20.0          4.3      20.0
   1   5   2   9   2             6.4          6.4           8.4           4.1          4.3          0.14         4.21                       12.6  18   7                16.6                3.4                                   20.0          4.3      20.0
   1   5   2   9   3             6.4          6.4           8.6           4.1          4.3          0.14         4.21                       12.8  18   7                16.6                3.4                                   20.0          4.3      20.0
   1   5   2   9   4             6.4          6.4           9.1           4.1          4.3          0.14         4.21                       13.3  18   7                16.6                3.4                                   20.0          4.3      20.0
   1   5   2   9   5             6.4          6.4           9.7           4.1          4.3          0.14         4.21                       13.9  18   7                16.6                3.4                                   20.0          4.3      20.0
   1   5   2   9   6             6.4          6.4          10.4           4.1          4.3          0.14         4.21                       14.6  18   7                16.6                3.4                                   20.0          4.3      20.0
   1   5   2   9   7             6.4          6.4          11.2           4.3          4.3          0.14         4.40                       15.6  18   7                16.6                3.4                                   20.0          4.3      20.0
   1   5   2  10   1             6.4          6.4           8.9           4.3          4.3          0.14         4.40                       13.3  18   7                16.6                3.4                                   20.0          4.3      20.0
   1   5   2  10   2             6.4          6.4           9.0           4.3          4.3          0.14         4.40                       13.4  18   7                16.6                3.4                                   20.0          4.3      20.0
   1   5   2  10   3             6.4          6.4           9.2           4.3          4.3          0.14         4.40                       13.6  18   7                16.6                3.4                                   20.0          4.3      20.0
   1   5   2  10   4             6.4          6.4           9.6           4.3          4.3          0.14         4.40                       14.0  18   7                16.6                3.4                                   20.0          4.3      20.0
   1   5   2  10   5             6.4          6.4          10.1           4.3          4.3          0.14         4.40                       14.5  18   7                16.6                3.4                                   20.0          4.3      20.0
   1   5   2  10   6             6.4          6.4          10.8           4.3          4.3          0.14         4.40                       15.2  18   7                16.6                3.4                                   20.0          4.3      20.0
   1   5   2  10   7             6.4          6.4          11.6           4.3          4.3          0.14         4.40                       16.0  18   7                16.6                3.4                                   20.0          4.3      20.0
   1   5   2  11   1             6.4          6.4           9.5           4.2          4.3          0.14         4.31                       13.8  18   7                16.6                3.4                                   20.0          4.3      20.0
   1   5   2  11   2             6.4          6.4           9.6           4.2          4.3          0.14         4.31                       13.9  18   7                16.6                3.4                                   20.0          4.3      20.0
   1   5   2  11   3             6.4          6.4           9.8           4.2          4.3          0.14         4.31                       14.1  18   7                16.6                3.4                                   20.0          4.3      20.0
   1   5   2  11   4             6.4          6.4          10.2           4.2          4.3          0.14         4.31                       14.5  18   7                16.6                3.4                                   20.0          4.3      20.0
   1   5   2  11   5             6.4          6.4          10.7           4.2          4.3          0.14         4.31                       15.0  18   7                16.6                3.4                                   20.0          4.3      20.0
   1   5   2  11   6             6.4          6.4          11.3           4.2          4.3          0.14         4.31                       15.6  18   7                16.6                3.4                                   20.0          4.3      20.0
   1   5   2  11   7             6.4          6.4          12.0           4.2          4.3          0.14         4.31                       16.3  18   7                16.6                3.4                                   20.0          4.3      20.0
   1   5   2  12   1             6.4          6.4          10.2           4.0          4.3          0.14         4.10                       14.3  18   7                16.6                3.4                                   20.0          4.3      20.0
   1   5   2  12   2             6.4          6.4          10.3           4.0          4.3          0.14         4.10                       14.4  18   7                16.6                3.4                                   20.0          4.3      20.0
   1   5   2  12   3             6.4          6.4          10.5           4.0          4.3          0.14         4.10                       14.6  18   7                16.6                3.4                                   20.0          4.3      20.0
   1   5   2  12   4             6.4          6.4          10.8           4.0          4.3          0.14         4.10                       14.9  18   7                16.6                3.4                                   20.0          4.3      20.0
   1   5   2  12   5             6.4          6.4          11.3           4.0          4.3          0.14         4.10                       15.4  18   7                16.6                3.4                                   20.0          4.3      20.0
   1   5   2  12   6             6.4          6.4          11.9           4.0          4.3          0.14         4.10                       16.0  18   7                16.6                3.4                                   20.0          4.3      20.0
   1   5   2  12   7             6.4          6.4          12.5           4.0          4.3          0.14         4.10                       16.6  18   7                16.6                3.4                                   20.0          4.3      20.0
   1   5   2  13   1             6.4          6.4          10.9           3.6          4.3          0.14         3.75                       14.6  18   7                16.6                3.4                                   20.0          4.3      20.0
   1   5   2  13   2             6.4          6.4          11.0           3.6          4.3          0.14         3.75                       14.7  18   7                16.6                3.4                                   20.0          4.3      20.0
   1   5   2  13   3             6.4          6.4          11.2           3.6          4.3          0.14         3.75                       14.9  18   7                16.6                3.4                                   20.0          4.3      20.0
   1   5   2  13   4             6.4          6.4          11.5           3.6          4.3          0.14         3.75                       15.2  18   7                16.6                3.4                                   20.0          4.3      20.0
   1   5   2  13   5             6.4          6.4          11.9           3.6          4.3          0.14         3.75                       15.7  18   7                16.6                3.4                                   20.0          4.3      20.0
   1   5   2  13   6             6.4          6.4          12.5           3.6          4.3          0.14         3.75                       16.2  18   7                16.6                3.4                                   20.0          4.3      20.0
   1   5   2  13   7             6.4          6.4          13.1           3.6          4.3          0.14         3.75                       16.8  18   7                16.6                3.4                                   20.0          4.3      20.0
   1   5   2  14   1             6.4          6.4          11.6           3.3          4.3          0.14         3.43                       15.0  18   7                16.6                3.4                                   20.0          4.3      20.0
   1   5   2  14   2             6.4          6.4          11.7           3.3          4.3          0.14         3.43                       15.1  18   7                16.6                3.4                                   20.0          4.3      20.0
   1   5   2  14   3             6.4          6.4          11.9           3.3          4.3          0.14         3.43                       15.3  18   7                16.6                3.4                                   20.0          4.3      20.0
   1   5   2  14   4             6.4          6.4          12.2           3.3          4.3          0.14         3.43                       15.6  18   7                16.6                3.4                                   20.0          4.3      20.0
   1   5   2  14   5             6.4          6.4          12.6           3.3          4.3          0.14         3.43                       16.0  18   7                16.6                3.4                                   20.0          4.3      20.0
   1   5   2  14   6             6.4          6.4          13.1           3.3          4.3          0.14         3.43                       16.5  18   7                16.6                3.4                                   20.0          4.3      20.0
   1   5   2  14   7             6.4          6.4          13.7           3.3          4.3          0.14         3.43                       17.1  18   7                16.6                3.4                                   20.0          4.3      20.0
   1   5   2  15   1             6.4          6.4          12.4           3.3          4.3          0.14         3.43                       15.8  18   7                16.6                3.4                                   20.0          4.3      20.0
   1   5   2  15   2             6.4          6.4          12.5           3.3          4.3          0.14         3.43                       15.9  18   7                16.6                3.4                                   20.0          4.3      20.0
   1   5   2  15   3             6.4          6.4          12.6           3.3          4.3          0.14         3.43                       16.1  18   7                16.6                3.4                                   20.0          4.3      20.0
   1   5   2  15   4             6.4          6.4          12.9           3.3          4.3          0.14         3.43                       16.4  18   7                16.6                3.4                                   20.0          4.3      20.0
   1   5   2  15   5             6.4          6.4          13.3           3.3          4.3          0.14         3.43                       16.8  18   7                16.6                3.4                                   20.0          4.3      20.0
   1   5   2  15   6             6.4          6.4          13.8           3.3          4.3          0.14         3.43                       17.2  18   7                16.6                3.4                                   20.0          4.3      20.0
   1   5   2  15   7             6.4          6.4          14.4           3.3          4.3          0.14         3.43                       17.8  18   7                16.6                3.4                                   20.0          4.3      20.0
   1   5   2  16   1             6.4          6.4          13.2           3.3          4.3          0.14         3.43                       16.6  18   7                16.6                3.4                                   20.0          4.3      20.0
   1   5   2  16   2             6.4          6.4          13.3           3.3          4.3          0.14         3.43                       16.7  18   7                16.6                3.4                                   20.0          4.3      20.0
   1   5   2  16   3             6.4          6.4          13.4           3.3          4.3          0.14         3.43                       16.9  18   7                16.6                3.4                                   20.0          4.3      20.0
   1   5   2  16   4             6.4          6.4          13.7           3.3          4.3          0.14         3.43                       17.1  18   7                16.6                3.4                                   20.0          4.3      20.0
   1   5   2  16   5             6.4          6.4          14.1           3.3          4.3          0.14         3.43                       17.5  18   7                16.6                3.4                                   20.0          4.3      20.0
   1   5   2  16   6             6.4          6.4          14.5           3.3          4.3          0.14         3.43                       18.0  18   7                16.6                3.4                                   20.0          4.3      20.0
   1   5   2  16   7             6.4          6.4          15.1           3.3          4.3          0.14         3.43                       18.5  18   7                16.6                3.4                                   20.0          4.3      20.0
   1   5   2  17   1             6.4          6.4          14.0           3.3          4.3          0.14         3.43                       17.4  18   7                16.6                3.4                                   20.0          4.3      20.0
   1   5   2  17   2             6.4          6.4          14.1           3.3          4.3          0.14         3.43                       17.5  18   7                16.6                3.4                                   20.0          4.3      20.0
   1   5   2  17   3             6.4          6.4          14.3           3.3          4.3          0.14         3.43                       17.7  18   7                16.6                3.4                                   20.0          4.3      20.0
   1   5   2  17   4             6.4          6.4          14.5           3.3          4.3          0.14         3.43                       17.9  18   7                16.6                3.4                                   20.0          4.3      20.0
   1   5   2  17   5             6.4          6.4          14.9           3.3          4.3          0.14         3.43                       18.3  18   7                16.6                3.4                                   20.0          4.3      20.0
   1   5   2  17   6             6.4          6.4          15.3           3.3          4.3          0.14         3.43                       18.7  18   7                16.6                3.4                                   20.0          4.3      20.0
   1   5   2  17   7             6.4          6.4          15.8           3.3          4.3          0.15         3.43                       19.2  18   7                16.6                3.4                                   20.0          4.3      20.0
   1   5   2  18   1             6.4          6.4          14.9           3.3          4.3          0.14         3.43                       18.3  18   7                16.6                3.4                                   20.0          4.3      20.0
   1   5   2  18   2             6.4          6.4          14.9           3.3          4.3          0.14         3.43                       18.4  18   7                16.6                3.4                                   20.0          4.3      20.0
   1   5   2  18   3             6.4          6.4          15.1           3.3          4.3          0.14         3.43                       18.5  18   7                16.6                3.4                                   20.0          4.3      20.0
   1   5   2  18   4             6.4          6.4          15.3           3.3          4.3          0.14         3.43                       18.8  18   7                16.6                3.4                                   20.0          4.3      20.0
   1   5   2  18   5             6.4          6.4          15.7           3.3          4.3          0.14         3.43                       19.1  18   7                16.6                3.4                                   20.0          4.3      20.0
   1   5   2  18   6             6.4          6.4          16.1           3.3          4.3          0.15         3.43                       19.5  18   7                16.6                3.4                                   20.0          4.3      20.0
   1   5   2  18   7             6.4          6.4          16.6           3.3          4.3          0.15         3.43                       20.0  18   7                16.6                3.4                                   20.0          4.3      20.0
