 nptsTotalWave =    46957 npw2TotalWave =    65536
 
 itr  i0  j0   i   j t_arrive(i0,j0) t_arrive_min t_arrive(i,j) risetime(i,j) risetime_max dur_path(i,j) dur_sub(i,j) t_arrive(i,j)+dur_sub(i,j) imx jmx t_arrive(imax,jmax) dur_sub(imax,jmax) t_arrive(imax,jmax)+dur_sub(imax,jmax) risetime_max t_end_max
   1  19   6   1   1             3.8          3.8          14.3           4.5          5.7          1.20         5.72                       20.0   1   9                15.5                6.6                                   22.0          5.7      22.0
   1  19   6   1   2             3.8          3.8          14.2           4.5          5.7          1.24         5.76                       20.0   1   9                15.5                6.6                                   22.0          5.7      22.0
   1  19   6   1   3             3.8          3.8          14.2           4.5          5.7          1.30         5.82                       20.0   1   9                15.5                6.6                                   22.0          5.7      22.0
   1  19   6   1   4             3.8          3.8          14.3           4.5          5.7          1.38         5.90                       20.2   1   9                15.5                6.6                                   22.0          5.7      22.0
   1  19   6   1   5             3.8          3.8          14.4           4.5          5.7          1.48         6.00                       20.4   1   9                15.5                6.6                                   22.0          5.7      22.0
   1  19   6   1   6             3.8          3.8          14.6           4.5          5.7          1.60         6.12                       20.7   1   9                15.5                6.6                                   22.0          5.7      22.0
   1  19   6   1   7             3.8          3.8          14.8           4.5          5.7          1.73         6.26                       21.1   1   9                15.5                6.6                                   22.0          5.7      22.0
   1  19   6   1   8             3.8          3.8          15.1           4.5          5.7          1.88         6.40                       21.5   1   9                15.5                6.6                                   22.0          5.7      22.0
   1  19   6   1   9             3.8          3.8          15.5           4.5          5.7          2.04         6.56                       22.0   1   9                15.5                6.6                                   22.0          5.7      22.0
   1  19   6   2   1             3.8          3.8          13.4           4.5          5.7          0.96         5.48                       18.9   1   9                15.5                6.6                                   22.0          5.7      22.0
   1  19   6   2   2             3.8          3.8          13.3           4.5          5.7          1.00         5.52                       18.8   1   9                15.5                6.6                                   22.0          5.7      22.0
   1  19   6   2   3             3.8          3.8          13.3           4.5          5.7          1.07         5.59                       18.9   1   9                15.5                6.6                                   22.0          5.7      22.0
   1  19   6   2   4             3.8          3.8          13.4           4.5          5.7          1.16         5.68                       19.1   1   9                15.5                6.6                                   22.0          5.7      22.0
   1  19   6   2   5             3.8          3.8          13.5           4.5          5.7          1.27         5.79                       19.3   1   9                15.5                6.6                                   22.0          5.7      22.0
   1  19   6   2   6             3.8          3.8          13.7           4.5          5.7          1.39         5.92                       19.6   1   9                15.5                6.6                                   22.0          5.7      22.0
   1  19   6   2   7             3.8          3.8          14.0           4.5          5.7          1.54         6.06                       20.0   1   9                15.5                6.6                                   22.0          5.7      22.0
   1  19   6   2   8             3.8          3.8          14.3           4.5          5.7          1.69         6.22                       20.5   1   9                15.5                6.6                                   22.0          5.7      22.0
   1  19   6   2   9             3.8          3.8          14.7           4.5          5.7          1.86         6.39                       21.0   1   9                15.5                6.6                                   22.0          5.7      22.0
   1  19   6   3   1             3.8          3.8          12.5           4.5          5.7          0.72         5.24                       17.7   1   9                15.5                6.6                                   22.0          5.7      22.0
   1  19   6   3   2             3.8          3.8          12.4           4.5          5.7          0.77         5.29                       17.7   1   9                15.5                6.6                                   22.0          5.7      22.0
   1  19   6   3   3             3.8          3.8          12.4           4.5          5.7          0.84         5.36                       17.8   1   9                15.5                6.6                                   22.0          5.7      22.0
   1  19   6   3   4             3.8          3.8          12.5           4.5          5.7          0.94         5.46                       18.0   1   9                15.5                6.6                                   22.0          5.7      22.0
   1  19   6   3   5             3.8          3.8          12.6           4.5          5.7          1.06         5.58                       18.2   1   9                15.5                6.6                                   22.0          5.7      22.0
   1  19   6   3   6             3.8          3.8          12.9           4.5          5.7          1.19         5.72                       18.6   1   9                15.5                6.6                                   22.0          5.7      22.0
   1  19   6   3   7             3.8          3.8          13.1           4.5          5.7          1.35         5.87                       19.0   1   9                15.5                6.6                                   22.0          5.7      22.0
   1  19   6   3   8             3.8          3.8          13.5           4.5          5.7          1.51         6.04                       19.5   1   9                15.5                6.6                                   22.0          5.7      22.0
   1  19   6   3   9             3.8          3.8          13.9           4.5          5.7          1.69         6.21                       20.1   1   9                15.5                6.6                                   22.0          5.7      22.0
   1  19   6   4   1             3.8          3.8          11.6           4.5          5.7          0.48         5.01                       16.6   1   9                15.5                6.6                                   22.0          5.7      22.0
   1  19   6   4   2             3.8          3.8          11.5           4.5          5.7          0.54         5.06                       16.6   1   9                15.5                6.6                                   22.0          5.7      22.0
   1  19   6   4   3             3.8          3.8          11.5           4.5          5.7          0.62         5.14                       16.7   1   9                15.5                6.6                                   22.0          5.7      22.0
   1  19   6   4   4             3.8          3.8          11.6           4.5          5.7          0.72         5.25                       16.9   1   9                15.5                6.6                                   22.0          5.7      22.0
   1  19   6   4   5             3.8          3.8          11.8           4.5          5.7          0.85         5.37                       17.2   1   9                15.5                6.6                                   22.0          5.7      22.0
   1  19   6   4   6             3.8          3.8          12.0           4.5          5.7          1.00         5.52                       17.5   1   9                15.5                6.6                                   22.0          5.7      22.0
   1  19   6   4   7             3.8          3.8          12.3           4.5          5.7          1.16         5.69                       18.0   1   9                15.5                6.6                                   22.0          5.7      22.0
   1  19   6   4   8             3.8          3.8          12.7           4.5          5.7          1.34         5.86                       18.5   1   9                15.5                6.6                                   22.0          5.7      22.0
   1  19   6   4   9             3.8          3.8          13.1           4.5          5.7          1.53         6.05                       19.1   1   9                15.5                6.6                                   22.0          5.7      22.0
   1  19   6   5   1             3.8          3.8          10.7           4.5          5.7          0.25         4.77                       15.5   1   9                15.5                6.6                                   22.0          5.7      22.0
   1  19   6   5   2             3.8          3.8          10.7           4.5          5.7          0.31         4.83                       15.5   1   9                15.5                6.6                                   22.0          5.7      22.0
   1  19   6   5   3             3.8          3.8          10.7           4.5          5.7          0.40         4.92                       15.6   1   9                15.5                6.6                                   22.0          5.7      22.0
   1  19   6   5   4             3.8          3.8          10.8           4.5          5.7          0.52         5.04                       15.8   1   9                15.5                6.6                                   22.0          5.7      22.0
   1  19   6   5   5             3.8          3.8          11.0           4.5          5.7          0.66         5.18                       16.1   1   9                15.5                6.6                                   22.0          5.7      22.0
   1  19   6   5   6             3.8          3.8          11.2           4.5          5.7          0.82         5.34                       16.5   1   9                15.5                6.6                                   22.0          5.7      22.0
   1  19   6   5   7             3.8          3.8          11.5           4.5          5.7          0.99         5.51                       17.0   1   9                15.5                6.6                                   22.0          5.7      22.0
   1  19   6   5   8             3.8          3.8          11.9           4.5          5.7          1.18         5.70                       17.6   1   9                15.5                6.6                                   22.0          5.7      22.0
   1  19   6   5   9             3.8          3.8          12.3           4.5          5.7          1.38         5.90                       18.2   1   9                15.5                6.6                                   22.0          5.7      22.0
   1  19   6   6   1             3.8          3.8           9.9           4.5          5.7          0.01         4.54                       14.4   1   9                15.5                6.6                                   22.0          5.7      22.0
   1  19   6   6   2             3.8          3.8           9.8           4.5          5.7          0.08         4.60                       14.4   1   9                15.5                6.6                                   22.0          5.7      22.0
   1  19   6   6   3             3.8          3.8           9.8           4.5          5.7          0.18         4.70                       14.5   1   9                15.5                6.6                                   22.0          5.7      22.0
   1  19   6   6   4             3.8          3.8           9.9           4.5          5.7          0.31         4.84                       14.8   1   9                15.5                6.6                                   22.0          5.7      22.0
   1  19   6   6   5             3.8          3.8          10.1           4.5          5.7          0.47         4.99                       15.1   1   9                15.5                6.6                                   22.0          5.7      22.0
   1  19   6   6   6             3.8          3.8          10.4           4.5          5.7          0.64         5.16                       15.6   1   9                15.5                6.6                                   22.0          5.7      22.0
   1  19   6   6   7             3.8          3.8          10.7           4.5          5.7          0.83         5.35                       16.1   1   9                15.5                6.6                                   22.0          5.7      22.0
   1  19   6   6   8             3.8          3.8          11.1           4.5          5.7          1.03         5.55                       16.7   1   9                15.5                6.6                                   22.0          5.7      22.0
   1  19   6   6   9             3.8          3.8          11.6           4.5          5.7          1.24         5.76                       17.4   1   9                15.5                6.6                                   22.0          5.7      22.0
   1  19   6   7   1             3.8          3.8           9.0           4.5          5.7          0.00         4.52                       13.5   1   9                15.5                6.6                                   22.0          5.7      22.0
   1  19   6   7   2             3.8          3.8           8.9           4.5          5.7          0.00         4.52                       13.5   1   9                15.5                6.6                                   22.0          5.7      22.0
   1  19   6   7   3             3.8          3.8           9.0           4.5          5.7          0.00         4.52                       13.5   1   9                15.5                6.6                                   22.0          5.7      22.0
   1  19   6   7   4             3.8          3.8           9.1           4.5          5.7          0.12         4.65                       13.8   1   9                15.5                6.6                                   22.0          5.7      22.0
   1  19   6   7   5             3.8          3.8           9.3           4.5          5.7          0.29         4.82                       14.1   1   9                15.5                6.6                                   22.0          5.7      22.0
   1  19   6   7   6             3.8          3.8           9.6           4.5          5.7          0.48         5.00                       14.6   1   9                15.5                6.6                                   22.0          5.7      22.0
   1  19   6   7   7             3.8          3.8          10.0           4.5          5.7          0.68         5.21                       15.2   1   9                15.5                6.6                                   22.0          5.7      22.0
   1  19   6   7   8             3.8          3.8          10.4           4.5          5.7          0.90         5.42                       15.8   1   9                15.5                6.6                                   22.0          5.7      22.0
   1  19   6   7   9             3.8          3.8          10.9           4.5          5.7          1.11         5.64                       16.5   1   9                15.5                6.6                                   22.0          5.7      22.0
   1  19   6   8   1             3.8          3.8           8.2           4.5          5.7          0.00         4.52                       12.7   1   9                15.5                6.6                                   22.0          5.7      22.0
   1  19   6   8   2             3.8          3.8           8.1           4.5          5.7          0.00         4.52                       12.6   1   9                15.5                6.6                                   22.0          5.7      22.0
   1  19   6   8   3             3.8          3.8           8.2           4.5          5.7          0.00         4.52                       12.7   1   9                15.5                6.6                                   22.0          5.7      22.0
   1  19   6   8   4             3.8          3.8           8.3           4.5          5.7          0.00         4.52                       12.8   1   9                15.5                6.6                                   22.0          5.7      22.0
   1  19   6   8   5             3.8          3.8           8.6           4.5          5.7          0.13         4.66                       13.2   1   9                15.5                6.6                                   22.0          5.7      22.0
   1  19   6   8   6             3.8          3.8           8.9           4.5          5.7          0.34         4.86                       13.7   1   9                15.5                6.6                                   22.0          5.7      22.0
   1  19   6   8   7             3.8          3.8           9.3           4.5          5.7          0.55         5.08                       14.3   1   9                15.5                6.6                                   22.0          5.7      22.0
   1  19   6   8   8             3.8          3.8           9.7           4.5          5.7          0.78         5.30                       15.0   1   9                15.5                6.6                                   22.0          5.7      22.0
   1  19   6   8   9             3.8          3.8          10.2           4.5          5.7          1.01         5.53                       15.8   1   9                15.5                6.6                                   22.0          5.7      22.0
   1  19   6   9   1             3.8          3.8           7.3           4.5          5.7          0.00         4.52                       11.9   1   9                15.5                6.6                                   22.0          5.7      22.0
   1  19   6   9   2             3.8          3.8           7.3           4.5          5.7          0.00         4.52                       11.8   1   9                15.5                6.6                                   22.0          5.7      22.0
   1  19   6   9   3             3.8          3.8           7.4           4.5          5.7          0.00         4.52                       11.9   1   9                15.5                6.6                                   22.0          5.7      22.0
   1  19   6   9   4             3.8          3.8           7.6           4.5          5.7          0.00         4.52                       12.1   1   9                15.5                6.6                                   22.0          5.7      22.0
   1  19   6   9   5             3.8          3.8           7.8           4.5          5.7          0.00         4.52                       12.3   1   9                15.5                6.6                                   22.0          5.7      22.0
   1  19   6   9   6             3.8          3.8           8.2           4.5          5.7          0.22         4.74                       12.9   1   9                15.5                6.6                                   22.0          5.7      22.0
   1  19   6   9   7             3.8          3.8           8.6           4.5          5.7          0.44         4.97                       13.5   1   9                15.5                6.6                                   22.0          5.7      22.0
   1  19   6   9   8             3.8          3.8           9.1           4.5          5.7          0.68         5.20                       14.2   1   9                15.5                6.6                                   22.0          5.7      22.0
   1  19   6   9   9             3.8          3.8           9.6           4.5          5.7          0.92         5.44                       15.0   1   9                15.5                6.6                                   22.0          5.7      22.0
   1  19   6  10   1             3.8          3.8           6.6           4.8          5.7          0.00         4.81                       11.4   1   9                15.5                6.6                                   22.0          5.7      22.0
   1  19   6  10   2             3.8          3.8           6.5           4.8          5.7          0.00         4.81                       11.3   1   9                15.5                6.6                                   22.0          5.7      22.0
   1  19   6  10   3             3.8          3.8           6.6           4.8          5.7          0.00         4.81                       11.4   1   9                15.5                6.6                                   22.0          5.7      22.0
   1  19   6  10   4             3.8          3.8           6.8           4.8          5.7          0.00         4.81                       11.6   1   9                15.5                6.6                                   22.0          5.7      22.0
   1  19   6  10   5             3.8          3.8           7.1           4.8          5.7          0.00         4.81                       11.9   1   9                15.5                6.6                                   22.0          5.7      22.0
   1  19   6  10   6             3.8          3.8           7.5           4.8          5.7          0.12         4.92                       12.4   1   9                15.5                6.6                                   22.0          5.7      22.0
   1  19   6  10   7             3.8          3.8           7.9           4.8          5.7          0.36         5.16                       13.1   1   9                15.5                6.6                                   22.0          5.7      22.0
   1  19   6  10   8             3.8          3.8           8.4           4.8          5.7          0.60         5.41                       13.8   1   9                15.5                6.6                                   22.0          5.7      22.0
   1  19   6  10   9             3.8          3.8           9.0           4.8          5.7          0.85         5.65                       14.6   1   9                15.5                6.6                                   22.0          5.7      22.0
   1  19   6  11   1             3.8          3.8           5.8           5.2          5.7          0.00         5.19                       11.0   1   9                15.5                6.6                                   22.0          5.7      22.0
   1  19   6  11   2             3.8          3.8           5.8           5.2          5.7          0.00         5.19                       11.0   1   9                15.5                6.6                                   22.0          5.7      22.0
   1  19   6  11   3             3.8          3.8           6.0           5.2          5.7          0.00         5.19                       11.2   1   9                15.5                6.6                                   22.0          5.7      22.0
   1  19   6  11   4             3.8          3.8           6.2           5.2          5.7          0.00         5.19                       11.4   1   9                15.5                6.6                                   22.0          5.7      22.0
   1  19   6  11   5             3.8          3.8           6.5           5.2          5.7          0.00         5.19                       11.7   1   9                15.5                6.6                                   22.0          5.7      22.0
   1  19   6  11   6             3.8          3.8           6.9           5.2          5.7          0.05         5.24                       12.1   1   9                15.5                6.6                                   22.0          5.7      22.0
   1  19   6  11   7             3.8          3.8           7.3           5.2          5.7          0.30         5.49                       12.8   1   9                15.5                6.6                                   22.0          5.7      22.0
   1  19   6  11   8             3.8          3.8           7.8           5.2          5.7          0.55         5.74                       13.6   1   9                15.5                6.6                                   22.0          5.7      22.0
   1  19   6  11   9             3.8          3.8           8.4           5.2          5.7          0.80         5.99                       14.4   1   9                15.5                6.6                                   22.0          5.7      22.0
   1  19   6  12   1             3.8          3.8           5.2           5.5          5.7          0.00         5.55                       10.8   1   9                15.5                6.6                                   22.0          5.7      22.0
   1  19   6  12   2             3.8          3.8           5.3           5.5          5.7          0.00         5.55                       10.8   1   9                15.5                6.6                                   22.0          5.7      22.0
   1  19   6  12   3             3.8          3.8           5.4           5.5          5.7          0.00         5.55                       10.9   1   9                15.5                6.6                                   22.0          5.7      22.0
   1  19   6  12   4             3.8          3.8           5.6           5.5          5.7          0.00         5.55                       11.2   1   9                15.5                6.6                                   22.0          5.7      22.0
   1  19   6  12   5             3.8          3.8           5.9           5.5          5.7          0.00         5.55                       11.5   1   9                15.5                6.6                                   22.0          5.7      22.0
   1  19   6  12   6             3.8          3.8           6.3           5.5          5.7          0.02         5.56                       11.9   1   9                15.5                6.6                                   22.0          5.7      22.0
   1  19   6  12   7             3.8          3.8           6.8           5.5          5.7          0.27         5.81                       12.6   1   9                15.5                6.6                                   22.0          5.7      22.0
   1  19   6  12   8             3.8          3.8           7.3           5.5          5.7          0.52         6.07                       13.4   1   9                15.5                6.6                                   22.0          5.7      22.0
   1  19   6  12   9             3.8          3.8           7.9           5.5          5.7          0.78         6.32                       14.3   1   9                15.5                6.6                                   22.0          5.7      22.0
   1  19   6  13   1             3.8          3.8           4.8           5.7          5.7          0.00         5.70                       10.5   1   9                15.5                6.6                                   22.0          5.7      22.0
   1  19   6  13   2             3.8          3.8           4.8           5.7          5.7          0.00         5.70                       10.5   1   9                15.5                6.6                                   22.0          5.7      22.0
   1  19   6  13   3             3.8          3.8           4.9           5.7          5.7          0.00         5.70                       10.6   1   9                15.5                6.6                                   22.0          5.7      22.0
   1  19   6  13   4             3.8          3.8           5.1           5.7          5.7          0.00         5.70                       10.8   1   9                15.5                6.6                                   22.0          5.7      22.0
   1  19   6  13   5             3.8          3.8           5.4           5.7          5.7          0.00         5.70                       11.1   1   9                15.5                6.6                                   22.0          5.7      22.0
   1  19   6  13   6             3.8          3.8           5.8           5.7          5.7          0.02         5.71                       11.5   1   9                15.5                6.6                                   22.0          5.7      22.0
   1  19   6  13   7             3.8          3.8           6.3           5.7          5.7          0.27         5.97                       12.2   1   9                15.5                6.6                                   22.0          5.7      22.0
   1  19   6  13   8             3.8          3.8           6.8           5.7          5.7          0.52         6.22                       13.0   1   9                15.5                6.6                                   22.0          5.7      22.0
   1  19   6  13   9             3.8          3.8           7.5           5.7          5.7          0.78         6.47                       13.9   1   9                15.5                6.6                                   22.0          5.7      22.0
   1  19   6  14   1             3.8          3.8           4.7           5.7          5.7          0.00         5.68                       10.3   1   9                15.5                6.6                                   22.0          5.7      22.0
   1  19   6  14   2             3.8          3.8           4.6           5.7          5.7          0.00         5.68                       10.3   1   9                15.5                6.6                                   22.0          5.7      22.0
   1  19   6  14   3             3.8          3.8           4.6           5.7          5.7          0.00         5.68                       10.3   1   9                15.5                6.6                                   22.0          5.7      22.0
   1  19   6  14   4             3.8          3.8           4.7           5.7          5.7          0.00         5.68                       10.4   1   9                15.5                6.6                                   22.0          5.7      22.0
   1  19   6  14   5             3.8          3.8           5.0           5.7          5.7          0.00         5.68                       10.7   1   9                15.5                6.6                                   22.0          5.7      22.0
   1  19   6  14   6             3.8          3.8           5.3           5.7          5.7          0.05         5.73                       11.1   1   9                15.5                6.6                                   22.0          5.7      22.0
   1  19   6  14   7             3.8          3.8           5.8           5.7          5.7          0.30         5.98                       11.8   1   9                15.5                6.6                                   22.0          5.7      22.0
   1  19   6  14   8             3.8          3.8           6.4           5.7          5.7          0.55         6.23                       12.6   1   9                15.5                6.6                                   22.0          5.7      22.0
   1  19   6  14   9             3.8          3.8           7.1           5.7          5.7          0.80         6.48                       13.6   1   9                15.5                6.6                                   22.0          5.7      22.0
   1  19   6  15   1             3.8          3.8           4.6           5.7          5.7          0.00         5.68                       10.3   1   9                15.5                6.6                                   22.0          5.7      22.0
   1  19   6  15   2             3.8          3.8           4.5           5.3          5.7          0.00         5.29                        9.7   1   9                15.5                6.6                                   22.0          5.7      22.0
   1  19   6  15   3             3.8          3.8           4.4           5.3          5.7          0.00         5.29                        9.7   1   9                15.5                6.6                                   22.0          5.7      22.0
   1  19   6  15   4             3.8          3.8           4.4           5.3          5.7          0.00         5.29                        9.7   1   9                15.5                6.6                                   22.0          5.7      22.0
   1  19   6  15   5             3.8          3.8           4.6           5.3          5.7          0.00         5.29                        9.9   1   9                15.5                6.6                                   22.0          5.7      22.0
   1  19   6  15   6             3.8          3.8           4.9           5.3          5.7          0.12         5.41                       10.4   1   9                15.5                6.6                                   22.0          5.7      22.0
   1  19   6  15   7             3.8          3.8           5.4           5.3          5.7          0.36         5.65                       11.1   1   9                15.5                6.6                                   22.0          5.7      22.0
   1  19   6  15   8             3.8          3.8           6.0           5.3          5.7          0.60         5.89                       11.9   1   9                15.5                6.6                                   22.0          5.7      22.0
   1  19   6  15   9             3.8          3.8           6.7           5.3          5.7          0.85         6.14                       12.9   1   9                15.5                6.6                                   22.0          5.7      22.0
   1  19   6  16   1             3.8          3.8           4.7           5.7          5.7          0.00         5.68                       10.4   1   9                15.5                6.6                                   22.0          5.7      22.0
   1  19   6  16   2             3.8          3.8           4.4           5.3          5.7          0.00         5.29                        9.7   1   9                15.5                6.6                                   22.0          5.7      22.0
   1  19   6  16   3             3.8          3.8           4.3           4.7          5.7          0.00         4.65                        8.9   1   9                15.5                6.6                                   22.0          5.7      22.0
   1  19   6  16   4             3.8          3.8           4.2           4.7          5.7          0.00         4.65                        8.9   1   9                15.5                6.6                                   22.0          5.7      22.0
   1  19   6  16   5             3.8          3.8           4.3           4.7          5.7          0.00         4.66                        9.0   1   9                15.5                6.6                                   22.0          5.7      22.0
   1  19   6  16   6             3.8          3.8           4.6           4.7          5.7          0.22         4.87                        9.5   1   9                15.5                6.6                                   22.0          5.7      22.0
   1  19   6  16   7             3.8          3.8           5.1           4.7          5.7          0.45         5.10                       10.2   1   9                15.5                6.6                                   22.0          5.7      22.0
   1  19   6  16   8             3.8          3.8           5.7           4.7          5.7          0.68         5.33                       11.1   1   9                15.5                6.6                                   22.0          5.7      22.0
   1  19   6  16   9             3.8          3.8           6.5           4.7          5.7          0.92         5.57                       12.1   1   9                15.5                6.6                                   22.0          5.7      22.0
   1  19   6  17   1             3.8          3.8           4.9           5.7          5.7          0.00         5.68                       10.5   1   9                15.5                6.6                                   22.0          5.7      22.0
   1  19   6  17   2             3.8          3.8           4.5           5.3          5.7          0.00         5.29                        9.8   1   9                15.5                6.6                                   22.0          5.7      22.0
   1  19   6  17   3             3.8          3.8           4.3           4.7          5.7          0.00         4.65                        8.9   1   9                15.5                6.6                                   22.0          5.7      22.0
   1  19   6  17   4             3.8          3.8           4.1           3.7          5.7          0.00         3.72                        7.8   1   9                15.5                6.6                                   22.0          5.7      22.0
   1  19   6  17   5             3.8          3.8           4.1           3.7          5.7          0.14         3.86                        8.0   1   9                15.5                6.6                                   22.0          5.7      22.0
   1  19   6  17   6             3.8          3.8           4.3           3.7          5.7          0.35         4.06                        8.4   1   9                15.5                6.6                                   22.0          5.7      22.0
   1  19   6  17   7             3.8          3.8           4.8           3.7          5.7          0.56         4.28                        9.1   1   9                15.5                6.6                                   22.0          5.7      22.0
   1  19   6  17   8             3.8          3.8           5.5           3.7          5.7          0.78         4.50                       10.0   1   9                15.5                6.6                                   22.0          5.7      22.0
   1  19   6  17   9             3.8          3.8           6.3           4.7          5.7          1.01         5.66                       12.0   1   9                15.5                6.6                                   22.0          5.7      22.0
   1  19   6  18   1             3.8          3.8           5.1           5.7          5.7          0.00         5.68                       10.8   1   9                15.5                6.6                                   22.0          5.7      22.0
   1  19   6  18   2             3.8          3.8           4.7           5.3          5.7          0.00         5.29                       10.0   1   9                15.5                6.6                                   22.0          5.7      22.0
   1  19   6  18   3             3.8          3.8           4.4           4.7          5.7          0.00         4.65                        9.0   1   9                15.5                6.6                                   22.0          5.7      22.0
   1  19   6  18   4             3.8          3.8           4.1           3.7          5.7          0.13         3.85                        8.0   1   9                15.5                6.6                                   22.0          5.7      22.0
   1  19   6  18   5             3.8          3.8           4.0           2.6          5.7          0.30         2.95                        6.9   1   9                15.5                6.6                                   22.0          5.7      22.0
   1  19   6  18   6             3.8          3.8           4.0           2.6          5.7          0.49         3.14                        7.2   1   9                15.5                6.6                                   22.0          5.7      22.0
   1  19   6  18   7             3.8          3.8           4.6           2.6          5.7          0.69         3.34                        8.0   1   9                15.5                6.6                                   22.0          5.7      22.0
   1  19   6  18   8             3.8          3.8           5.4           3.7          5.7          0.90         4.62                       10.0   1   9                15.5                6.6                                   22.0          5.7      22.0
   1  19   6  18   9             3.8          3.8           6.3           4.7          5.7          1.12         5.77                       12.1   1   9                15.5                6.6                                   22.0          5.7      22.0
   1  19   6  19   1             3.8          3.8           5.5           5.7          5.7          0.03         5.70                       11.2   1   9                15.5                6.6                                   22.0          5.7      22.0
   1  19   6  19   2             3.8          3.8           5.0           5.3          5.7          0.10         5.38                       10.4   1   9                15.5                6.6                                   22.0          5.7      22.0
   1  19   6  19   3             3.8          3.8           4.7           4.7          5.7          0.20         4.85                        9.5   1   9                15.5                6.6                                   22.0          5.7      22.0
   1  19   6  19   4             3.8          3.8           4.3           3.7          5.7          0.33         4.04                        8.4   1   9                15.5                6.6                                   22.0          5.7      22.0
   1  19   6  19   5             3.8          3.8           4.1           2.6          5.7          0.48         3.12                        7.2   1   9                15.5                6.6                                   22.0          5.7      22.0
   1  19   6  19   6             3.8          3.8           3.8           1.3          5.7          0.65         1.92                        5.7   1   9                15.5                6.6                                   22.0          5.7      22.0
   1  19   6  19   7             3.8          3.8           4.7           2.6          5.7          0.84         3.48                        8.1   1   9                15.5                6.6                                   22.0          5.7      22.0
   1  19   6  19   8             3.8          3.8           5.5           3.7          5.7          1.04         4.76                       10.3   1   9                15.5                6.6                                   22.0          5.7      22.0
   1  19   6  19   9             3.8          3.8           6.4           4.7          5.7          1.25         5.90                       12.3   1   9                15.5                6.6                                   22.0          5.7      22.0
   1  19   6  20   1             3.8          3.8           5.9           5.7          5.7          0.26         5.94                       11.8   1   9                15.5                6.6                                   22.0          5.7      22.0
   1  19   6  20   2             3.8          3.8           5.5           5.3          5.7          0.32         5.61                       11.1   1   9                15.5                6.6                                   22.0          5.7      22.0
   1  19   6  20   3             3.8          3.8           5.1           4.7          5.7          0.41         5.06                       10.2   1   9                15.5                6.6                                   22.0          5.7      22.0
   1  19   6  20   4             3.8          3.8           4.8           3.7          5.7          0.53         4.24                        9.0   1   9                15.5                6.6                                   22.0          5.7      22.0
   1  19   6  20   5             3.8          3.8           4.6           2.6          5.7          0.67         3.31                        7.9   1   9                15.5                6.6                                   22.0          5.7      22.0
   1  19   6  20   6             3.8          3.8           4.6           2.6          5.7          0.83         3.47                        8.1   1   9                15.5                6.6                                   22.0          5.7      22.0
   1  19   6  20   7             3.8          3.8           5.1           2.6          5.7          1.00         3.65                        8.8   1   9                15.5                6.6                                   22.0          5.7      22.0
   1  19   6  20   8             3.8          3.8           5.9           3.7          5.7          1.19         4.91                       10.8   1   9                15.5                6.6                                   22.0          5.7      22.0
   1  19   6  20   9             3.8          3.8           6.8           4.7          5.7          1.39         6.04                       12.8   1   9                15.5                6.6                                   22.0          5.7      22.0
   1  19   6  21   1             3.8          3.8           6.4           5.7          5.7          0.50         6.17                       12.6   1   9                15.5                6.6                                   22.0          5.7      22.0
   1  19   6  21   2             3.8          3.8           6.0           5.3          5.7          0.55         5.84                       11.9   1   9                15.5                6.6                                   22.0          5.7      22.0
   1  19   6  21   3             3.8          3.8           5.7           4.7          5.7          0.63         5.28                       11.0   1   9                15.5                6.6                                   22.0          5.7      22.0
   1  19   6  21   4             3.8          3.8           5.4           3.7          5.7          0.74         4.45                        9.9   1   9                15.5                6.6                                   22.0          5.7      22.0
   1  19   6  21   5             3.8          3.8           5.3           3.7          5.7          0.86         4.58                        9.9   1   9                15.5                6.6                                   22.0          5.7      22.0
   1  19   6  21   6             3.8          3.8           5.4           3.7          5.7          1.01         4.73                       10.2   1   9                15.5                6.6                                   22.0          5.7      22.0
   1  19   6  21   7             3.8          3.8           5.8           3.7          5.7          1.18         4.89                       10.7   1   9                15.5                6.6                                   22.0          5.7      22.0
   1  19   6  21   8             3.8          3.8           6.5           3.7          5.7          1.35         5.07                       11.5   1   9                15.5                6.6                                   22.0          5.7      22.0
   1  19   6  21   9             3.8          3.8           7.2           4.7          5.7          1.54         6.19                       13.4   1   9                15.5                6.6                                   22.0          5.7      22.0
   1  19   6  22   1             3.8          3.8           7.1           5.7          5.7          0.74         6.41                       13.5   1   9                15.5                6.6                                   22.0          5.7      22.0
   1  19   6  22   2             3.8          3.8           6.7           5.3          5.7          0.78         6.07                       12.7   1   9                15.5                6.6                                   22.0          5.7      22.0
   1  19   6  22   3             3.8          3.8           6.4           4.7          5.7          0.85         5.51                       11.9   1   9                15.5                6.6                                   22.0          5.7      22.0
   1  19   6  22   4             3.8          3.8           6.2           4.7          5.7          0.95         5.60                       11.8   1   9                15.5                6.6                                   22.0          5.7      22.0
   1  19   6  22   5             3.8          3.8           6.1           4.7          5.7          1.07         5.72                       11.9   1   9                15.5                6.6                                   22.0          5.7      22.0
   1  19   6  22   6             3.8          3.8           6.3           4.7          5.7          1.21         5.86                       12.1   1   9                15.5                6.6                                   22.0          5.7      22.0
   1  19   6  22   7             3.8          3.8           6.6           4.7          5.7          1.36         6.01                       12.6   1   9                15.5                6.6                                   22.0          5.7      22.0
   1  19   6  22   8             3.8          3.8           7.2           4.7          5.7          1.52         6.18                       13.3   1   9                15.5                6.6                                   22.0          5.7      22.0
   1  19   6  22   9             3.8          3.8           7.8           4.7          5.7          1.70         6.35                       14.2   1   9                15.5                6.6                                   22.0          5.7      22.0
   1  19   6  23   1             3.8          3.8           7.7           5.7          5.7          0.97         6.65                       14.4   1   9                15.5                6.6                                   22.0          5.7      22.0
   1  19   6  23   2             3.8          3.8           7.4           5.3          5.7          1.01         6.30                       13.7   1   9                15.5                6.6                                   22.0          5.7      22.0
   1  19   6  23   3             3.8          3.8           7.1           5.3          5.7          1.08         6.37                       13.5   1   9                15.5                6.6                                   22.0          5.7      22.0
   1  19   6  23   4             3.8          3.8           7.0           5.3          5.7          1.17         6.46                       13.4   1   9                15.5                6.6                                   22.0          5.7      22.0
   1  19   6  23   5             3.8          3.8           7.0           5.3          5.7          1.28         6.57                       13.5   1   9                15.5                6.6                                   22.0          5.7      22.0
   1  19   6  23   6             3.8          3.8           7.1           5.3          5.7          1.41         6.70                       13.8   1   9                15.5                6.6                                   22.0          5.7      22.0
   1  19   6  23   7             3.8          3.8           7.4           5.3          5.7          1.55         6.84                       14.3   1   9                15.5                6.6                                   22.0          5.7      22.0
   1  19   6  23   8             3.8          3.8           7.9           5.3          5.7          1.71         6.99                       14.9   1   9                15.5                6.6                                   22.0          5.7      22.0
   1  19   6  23   9             3.8          3.8           8.5           5.3          5.7          1.87         7.16                       15.6   1   9                15.5                6.6                                   22.0          5.7      22.0
