**********************************************
*******  Average PSA and Fourier spectrum over     5 simulations  *******
*******     Site #   1
damping:   5%
 100 samples
Mag.                               =     7.00
siteLat                            =    18.03
siteLon                            =     0.71
depth                              =     2.00
distance from fault origin to site =    18.04
azimuth from fault origin to site  =     2.25
fault Dis.(km)                     =     2.12
Hypo  Dis.(km)                     =     8.53
Input Parameters file =  M7.0_dl_dw_1.5_140b_2hyp_5trials_pulse50_1_f0_rt_parameters.out                                                         
 data format: (1x,f10.3, 1p, 1x,e11.4, 5x,e11.4, 2x,e11.4, 1x,e11.4)
   freq(Hz)     per(s) FAS(cm/sec) avgPSA(cm/s**2) avgPSV(cm/s)   avgSD(cm)        minY        maxY
     -1.000        NaN         NaN             NaN   3.2464E+01         NaN
    999.900      0.000         NaN      9.3882E+02          NaN         NaN  7.2884E+02  1.0224E+03
      0.100     10.000  1.7301E+01      9.6796E+00   1.5405E+01  2.4519E+01
      0.107      9.327  1.8178E+01      1.1000E+01   1.6328E+01  2.4238E+01
      0.115      8.699  1.9139E+01      1.2181E+01   1.6865E+01  2.3350E+01
      0.123      8.114  2.0241E+01      1.3425E+01   1.7336E+01  2.2387E+01
      0.132      7.568  2.1566E+01      1.5275E+01   1.8398E+01  2.2160E+01
      0.142      7.058  2.3148E+01      1.7775E+01   1.9968E+01  2.2431E+01
      0.152      6.583  2.5006E+01      2.0760E+01   2.1752E+01  2.2791E+01
      0.163      6.140  2.9450E+01      2.5060E+01   2.4490E+01  2.3933E+01
      0.175      5.727  3.1950E+01      2.9782E+01   2.7146E+01  2.4743E+01
      0.187      5.342  3.7156E+01      3.5267E+01   2.9981E+01  2.5488E+01
      0.201      4.982  4.1846E+01      4.1924E+01   3.3243E+01  2.6359E+01
      0.215      4.647  4.5097E+01      4.8119E+01   3.5586E+01  2.6318E+01
      0.231      4.334  4.6855E+01      5.4455E+01   3.7562E+01  2.5910E+01
      0.247      4.042  4.7986E+01      6.0418E+01   3.8870E+01  2.5008E+01
      0.265      3.770  4.9250E+01      6.4698E+01   3.8823E+01  2.3296E+01
      0.284      3.517  5.1012E+01      6.9632E+01   3.8971E+01  2.1811E+01
      0.305      3.280  5.1215E+01      7.5047E+01   3.9175E+01  2.0450E+01
      0.327      3.059  4.9656E+01      8.0641E+01   3.9262E+01  1.9116E+01
      0.350      2.853  4.9283E+01      8.7864E+01   3.9900E+01  1.8119E+01
      0.376      2.661  5.2630E+01      1.0152E+02   4.2996E+01  1.8211E+01
      0.403      2.482  5.6553E+01      1.1681E+02   4.6146E+01  1.8229E+01
      0.432      2.315  6.1078E+01      1.2462E+02   4.5918E+01  1.6919E+01
      0.463      2.159  6.6663E+01      1.3086E+02   4.4972E+01  1.5455E+01
      0.497      2.014  7.6484E+01      1.4486E+02   4.6431E+01  1.4882E+01
      0.532      1.878  7.2704E+01      1.5262E+02   4.5626E+01  1.3640E+01
      0.571      1.752  6.2025E+01      1.5714E+02   4.3815E+01  1.2217E+01
      0.612      1.634  6.2043E+01      1.6522E+02   4.2969E+01  1.1175E+01
      0.656      1.524  5.4345E+01      1.7635E+02   4.2777E+01  1.0376E+01
      0.703      1.422  7.3885E+01      2.0851E+02   4.7174E+01  1.0673E+01
      0.754      1.326  7.9607E+01      2.3463E+02   4.9510E+01  1.0447E+01
      0.809      1.237  8.0710E+01      2.3547E+02   4.6343E+01  9.1209E+00
      0.867      1.153  5.9157E+01      2.2648E+02   4.1573E+01  7.6314E+00
      0.930      1.076  7.3335E+01      2.4350E+02   4.1691E+01  7.1379E+00
      0.997      1.003  7.9291E+01      2.6734E+02   4.2691E+01  6.8173E+00
      1.069      0.936  6.1221E+01      2.8748E+02   4.2818E+01  6.3774E+00
      1.146      0.873  7.2581E+01      3.0472E+02   4.2331E+01  5.8806E+00
      1.228      0.814  6.7232E+01      3.2982E+02   4.2735E+01  5.5371E+00
      1.317      0.759  6.9088E+01      3.6465E+02   4.4067E+01  5.3254E+00
      1.412      0.708  8.7991E+01      4.0221E+02   4.5335E+01  5.1099E+00
      1.514      0.661  6.1206E+01      3.7713E+02   3.9648E+01  4.1681E+00
      1.623      0.616  6.8716E+01      3.9081E+02   3.8320E+01  3.7574E+00
      1.740      0.575  7.2965E+01      4.3341E+02   3.9638E+01  3.6250E+00
      1.866      0.536  7.9334E+01      4.4949E+02   3.8341E+01  3.2704E+00
      2.000      0.500  6.9748E+01      4.5568E+02   3.6253E+01  2.8842E+00
      2.145      0.466  5.4218E+01      4.9529E+02   3.6752E+01  2.7272E+00
      2.300      0.435  7.9430E+01      5.4759E+02   3.7899E+01  2.6230E+00
      2.466      0.406  8.1664E+01      5.9605E+02   3.8476E+01  2.4837E+00
      2.643      0.378  6.4946E+01      6.3648E+02   3.8321E+01  2.3072E+00
      2.834      0.353  7.7820E+01      6.5199E+02   3.6612E+01  2.0560E+00
      3.039      0.329  6.4887E+01      6.6333E+02   3.4743E+01  1.8197E+00
      3.258      0.307  6.5000E+01      7.1094E+02   3.4730E+01  1.6966E+00
      3.493      0.286  8.3650E+01      7.4406E+02   3.3902E+01  1.5447E+00
      3.745      0.267  7.6729E+01      7.4949E+02   3.1851E+01  1.3536E+00
      4.015      0.249  7.4529E+01      8.3378E+02   3.3048E+01  1.3099E+00
      4.305      0.232  6.4051E+01      9.3670E+02   3.4629E+01  1.2802E+00
      4.616      0.217  8.9441E+01      9.5599E+02   3.2963E+01  1.1366E+00
      4.949      0.202  6.8569E+01      9.4226E+02   3.0303E+01  9.7456E-01
      5.306      0.188  6.7657E+01      9.9956E+02   2.9983E+01  8.9935E-01
      5.689      0.176  8.1947E+01      1.1081E+03   3.1000E+01  8.6730E-01
      6.099      0.164  7.2096E+01      1.1097E+03   2.8956E+01  7.5558E-01
      6.539      0.153  7.5913E+01      1.2091E+03   2.9427E+01  7.1619E-01
      7.011      0.143  8.1111E+01      1.2751E+03   2.8945E+01  6.5705E-01
      7.517      0.133  6.5619E+01      1.3133E+03   2.7806E+01  5.8871E-01
      8.060      0.124  7.6952E+01      1.3218E+03   2.6103E+01  5.1546E-01
      8.641      0.116  6.3270E+01      1.3873E+03   2.5552E+01  4.7063E-01
      9.265      0.108  7.2989E+01      1.4461E+03   2.4841E+01  4.2674E-01
      9.933      0.101  6.4410E+01      1.4323E+03   2.2949E+01  3.6770E-01
     10.650      0.094  7.1599E+01      1.4975E+03   2.2379E+01  3.3443E-01
     11.418      0.088  5.4651E+01      1.5738E+03   2.1936E+01  3.0575E-01
     12.242      0.082  8.0075E+01      1.6154E+03   2.1001E+01  2.7302E-01
     13.126      0.076  7.6123E+01      1.6481E+03   1.9984E+01  2.4231E-01
     14.073      0.071  9.1530E+01      1.6417E+03   1.8566E+01  2.0997E-01
     15.088      0.066  8.2834E+01      1.6824E+03   1.7746E+01  1.8719E-01
     16.177      0.062  6.0942E+01      1.8175E+03   1.7881E+01  1.7592E-01
     17.344      0.058  7.4137E+01      1.9828E+03   1.8195E+01  1.6696E-01
     18.596      0.054  7.1050E+01      1.9587E+03   1.6764E+01  1.4347E-01
     19.938      0.050  7.2732E+01      1.9028E+03   1.5189E+01  1.2125E-01
     21.377      0.047  4.1519E+01      1.8169E+03   1.3527E+01  1.0071E-01
     22.919      0.044  6.6332E+01      1.9327E+03   1.3421E+01  9.3199E-02
     24.573      0.041  4.4033E+01      1.9370E+03   1.2545E+01  8.1255E-02
     26.346      0.038  4.6993E+01      2.1637E+03   1.3071E+01  7.8961E-02
     28.247      0.035  5.6789E+01      2.2137E+03   1.2473E+01  7.0277E-02
     30.285      0.033  4.3798E+01      2.1533E+03   1.1316E+01  5.9469E-02
     32.471      0.031  6.0918E+01      2.0669E+03   1.0131E+01  4.9656E-02
     34.814      0.029  3.9761E+01      2.1181E+03   9.6831E+00  4.4267E-02
     37.326      0.027  4.4120E+01      2.3240E+03   9.9095E+00  4.2254E-02
     40.019      0.025  4.4141E+01      2.2741E+03   9.0440E+00  3.5967E-02
     42.907      0.023  5.5609E+01      2.2614E+03   8.3881E+00  3.1114E-02
     46.003      0.022  3.2072E+01      2.1353E+03   7.3873E+00  2.5558E-02
     49.323      0.020  3.0425E+01      2.0521E+03   6.6216E+00  2.1367E-02
     52.882      0.019  3.8149E+01      2.0962E+03   6.3090E+00  1.8988E-02
     56.697      0.018  2.8733E+01      2.1231E+03   5.9598E+00  1.6730E-02
     60.789      0.016  3.1958E+01      2.0739E+03   5.4297E+00  1.4216E-02
     65.175      0.015  2.4908E+01      2.0438E+03   4.9909E+00  1.2187E-02
     69.878      0.014  2.9584E+01      1.9927E+03   4.5386E+00  1.0337E-02
     74.920      0.013  2.4347E+01      1.9575E+03   4.1585E+00  8.8339E-03
     80.326      0.012  2.2139E+01      1.8702E+03   3.7056E+00  7.3420E-03
     86.123      0.012  2.3395E+01      1.8419E+03   3.4038E+00  6.2902E-03
     92.337      0.011  1.9860E+01      1.7689E+03   3.0490E+00  5.2553E-03
     99.000      0.010  1.7740E+01      1.6621E+03   2.6720E+00  4.2956E-03
 
 
