         modeling parameters     
Fault Strike              =     0.00
Fault dip                 =    50.00
Fault depth to upper edge =     2.00
 Fault length from Wells and Coppersmith for fault type R, using a reference stress of    70.0
Fault Length              =    34.65
 Fault width from Wells and Coppersmith for fault type R, using a reference stress of    70.0
Fault Width               =    14.44
ratio of rupture to s-wave velocity =     0.80
FaultLat                  =     0.00
FaultLon                  =     0.00
No.of subs along strike   =       23
No.of subs along dip      =        9
subfault length           =     1.51
subfault width            =     1.60
i_rise_time (1=orig,2=1/f0) =  2
iseed, nsims =         -309    5
-----------------------------------------------
input hypocenter at position    =  -1.000E+00 -1.000E+00
input hypocenter at subfault    =    0   0
n_hypocenters    =    2
Mag.                      =     7.00
-----------------------------------------------
dt (sec)                  =   0.0020
beta (km/s)               =     3.70
density (rho), gr/cm3     =     2.80
prtitn                    =     0.71
rtp                       =     0.55
fs                        =     2.00
pulsing Percentage        =    50.00
iflagscalefactor (1=vel^2; 2=acc^2;  3=asymptotic acc^2 (dmb)) = 2
flocut, nslope            =   0.050  8
iflagfas_avg              = 3
iflagpsa_avg_over_hypos   = 2
iflagpsa_avg_over_sims   = 1
stress parameter (bars)   =   140.00
fmax                      =     0.00
kappa                     =   0.0050
-----------------------------------------------
         Corner Frequency    
Dynamic Corner Frequency Flag is  ON =    1
-----------------------------------------------
 fr1, qr1, s1q, ft1, ft2, fr2, qr2, s2q, c_q, qt1, stq  = 
 1.00000000 1000.00000 0.00000000E+00 1.42420006 1.42420006 1.00000000 893.000000 0.319999993 3.70000005 1000.00000 0.00000000E+00
 Path duration: ndur_hinges, rpathdur, pathdur, durslope: 
  4
   0.0   0.00
  10.0   0.00
  70.0   9.60
 130.0   7.80
  0.040
 gspread: i, nsprd_segs, r_ref, rlow, a_s, b_s, m_s
 1 3 1.00000000 1.00000000 -1.29999995 0.00000000E+00 6.50000000
 2 3 1.00000000 70.0000000 0.200000003 0.00000000E+00 6.50000000
 3 3 1.00000000 140.000000 -0.500000000 0.00000000E+00 6.50000000
-----------------------------------------------
window applied               = Saragoni-Hart
-----------------------------------------------
 Crustal amps from file crustal_amps_sample.txt
    freq     amp
   0.500   1.000
   1.000   1.130
   2.000   1.220
   5.000   1.360
  10.000   1.410
-----------------------------------------------
 site amps from file site_amps_sample.txt
    freq     amp
   1.000   1.000
-----------------------------------------------
-----------------------------------------------
         Analytical Pulse parameters     
-----------------------------------------------
Analytical Flag is  OFF   =     0
 
tpadl, tpadt, dt(sec)                     :    50.000    20.000     0.002
For site   1 siteLocation coordinates 1&2 =     18.03     0.71
For site   2 siteLocation coordinates 1&2 =     88.03    70.71
Site may have been moved to midpoint or end of surface projection of upper edge of fault
 
  For site   1 elapsed time (sec) = 251.59
  For site   2 elapsed time (sec) = 256.59
