 nptsTotalWave =    49241 npw2TotalWave =    65536
 
 itr  i0  j0   i   j t_arrive(i0,j0) t_arrive_min t_arrive(i,j) risetime(i,j) risetime_max dur_path(i,j) dur_sub(i,j) t_arrive(i,j)+dur_sub(i,j) imx jmx t_arrive(imax,jmax) dur_sub(imax,jmax) t_arrive(imax,jmax)+dur_sub(imax,jmax) risetime_max t_end_max
   1   8   7   1   1            27.1         27.1          35.1           6.1          6.1          8.34        14.43                       49.5   1   1                35.1               14.4                                   49.5          6.1      49.5
   1   8   7   1   2            27.1         27.1          34.6           6.1          6.1          8.36        14.45                       49.0   1   1                35.1               14.4                                   49.5          6.1      49.5
   1   8   7   1   3            27.1         27.1          34.1           6.1          6.1          8.37        14.47                       48.6   1   1                35.1               14.4                                   49.5          6.1      49.5
   1   8   7   1   4            27.1         27.1          33.7           6.1          6.1          8.39        14.48                       48.2   1   1                35.1               14.4                                   49.5          6.1      49.5
   1   8   7   1   5            27.1         27.1          33.4           6.1          6.1          8.41        14.50                       47.9   1   1                35.1               14.4                                   49.5          6.1      49.5
   1   8   7   1   6            27.1         27.1          33.1           6.1          6.1          8.42        14.52                       47.6   1   1                35.1               14.4                                   49.5          6.1      49.5
   1   8   7   1   7            27.1         27.1          32.9           6.1          6.1          8.44        14.53                       47.5   1   1                35.1               14.4                                   49.5          6.1      49.5
   1   8   7   1   8            27.1         27.1          32.8           6.1          6.1          8.45        14.54                       47.4   1   1                35.1               14.4                                   49.5          6.1      49.5
   1   8   7   1   9            27.1         27.1          32.8           6.1          6.1          8.47        14.56                       47.4   1   1                35.1               14.4                                   49.5          6.1      49.5
   1   8   7   2   1            27.1         27.1          34.4           6.1          6.1          8.37        14.43                       48.9   1   1                35.1               14.4                                   49.5          6.1      49.5
   1   8   7   2   2            27.1         27.1          33.9           6.1          6.1          8.39        14.45                       48.3   1   1                35.1               14.4                                   49.5          6.1      49.5
   1   8   7   2   3            27.1         27.1          33.4           6.1          6.1          8.41        14.46                       47.8   1   1                35.1               14.4                                   49.5          6.1      49.5
   1   8   7   2   4            27.1         27.1          32.9           6.1          6.1          8.43        14.48                       47.4   1   1                35.1               14.4                                   49.5          6.1      49.5
   1   8   7   2   5            27.1         27.1          32.6           6.1          6.1          8.44        14.50                       47.1   1   1                35.1               14.4                                   49.5          6.1      49.5
   1   8   7   2   6            27.1         27.1          32.3           6.1          6.1          8.46        14.51                       46.8   1   1                35.1               14.4                                   49.5          6.1      49.5
   1   8   7   2   7            27.1         27.1          32.1           6.1          6.1          8.48        14.53                       46.6   1   1                35.1               14.4                                   49.5          6.1      49.5
   1   8   7   2   8            27.1         27.1          32.0           6.1          6.1          8.49        14.54                       46.6   1   1                35.1               14.4                                   49.5          6.1      49.5
   1   8   7   2   9            27.1         27.1          32.0           6.1          6.1          8.50        14.56                       46.6   1   1                35.1               14.4                                   49.5          6.1      49.5
   1   8   7   3   1            27.1         27.1          33.8           6.1          6.1          8.41        14.46                       48.2   1   1                35.1               14.4                                   49.5          6.1      49.5
   1   8   7   3   2            27.1         27.1          33.2           5.6          6.1          8.43        14.06                       47.3   1   1                35.1               14.4                                   49.5          6.1      49.5
   1   8   7   3   3            27.1         27.1          32.7           5.6          6.1          8.45        14.08                       46.7   1   1                35.1               14.4                                   49.5          6.1      49.5
   1   8   7   3   4            27.1         27.1          32.2           5.6          6.1          8.46        14.10                       46.3   1   1                35.1               14.4                                   49.5          6.1      49.5
   1   8   7   3   5            27.1         27.1          31.8           5.6          6.1          8.48        14.11                       45.9   1   1                35.1               14.4                                   49.5          6.1      49.5
   1   8   7   3   6            27.1         27.1          31.5           5.6          6.1          8.50        14.13                       45.6   1   1                35.1               14.4                                   49.5          6.1      49.5
   1   8   7   3   7            27.1         27.1          31.3           5.6          6.1          8.51        14.14                       45.4   1   1                35.1               14.4                                   49.5          6.1      49.5
   1   8   7   3   8            27.1         27.1          31.2           5.6          6.1          8.53        14.16                       45.4   1   1                35.1               14.4                                   49.5          6.1      49.5
   1   8   7   3   9            27.1         27.1          31.2           5.6          6.1          8.54        14.17                       45.4   1   1                35.1               14.4                                   49.5          6.1      49.5
   1   8   7   4   1            27.1         27.1          33.2           6.1          6.1          8.44        14.50                       47.7   1   1                35.1               14.4                                   49.5          6.1      49.5
   1   8   7   4   2            27.1         27.1          32.6           5.6          6.1          8.46        14.10                       46.7   1   1                35.1               14.4                                   49.5          6.1      49.5
   1   8   7   4   3            27.1         27.1          32.0           5.1          6.1          8.48        13.54                       45.5   1   1                35.1               14.4                                   49.5          6.1      49.5
   1   8   7   4   4            27.1         27.1          31.5           5.1          6.1          8.50        13.56                       45.0   1   1                35.1               14.4                                   49.5          6.1      49.5
   1   8   7   4   5            27.1         27.1          31.0           5.1          6.1          8.52        13.57                       44.6   1   1                35.1               14.4                                   49.5          6.1      49.5
   1   8   7   4   6            27.1         27.1          30.7           5.1          6.1          8.53        13.59                       44.2   1   1                35.1               14.4                                   49.5          6.1      49.5
   1   8   7   4   7            27.1         27.1          30.4           5.1          6.1          8.55        13.61                       44.0   1   1                35.1               14.4                                   49.5          6.1      49.5
   1   8   7   4   8            27.1         27.1          30.4           5.1          6.1          8.56        13.62                       44.0   1   1                35.1               14.4                                   49.5          6.1      49.5
   1   8   7   4   9            27.1         27.1          30.4           5.1          6.1          8.58        13.63                       44.1   1   1                35.1               14.4                                   49.5          6.1      49.5
   1   8   7   5   1            27.1         27.1          32.6           6.1          6.1          8.48        14.53                       47.2   1   1                35.1               14.4                                   49.5          6.1      49.5
   1   8   7   5   2            27.1         27.1          32.0           5.6          6.1          8.50        14.13                       46.1   1   1                35.1               14.4                                   49.5          6.1      49.5
   1   8   7   5   3            27.1         27.1          31.3           5.1          6.1          8.52        13.57                       44.9   1   1                35.1               14.4                                   49.5          6.1      49.5
   1   8   7   5   4            27.1         27.1          30.8           4.4          6.1          8.53        12.95                       43.7   1   1                35.1               14.4                                   49.5          6.1      49.5
   1   8   7   5   5            27.1         27.1          30.2           4.4          6.1          8.55        12.97                       43.2   1   1                35.1               14.4                                   49.5          6.1      49.5
   1   8   7   5   6            27.1         27.1          29.8           4.4          6.1          8.57        12.99                       42.8   1   1                35.1               14.4                                   49.5          6.1      49.5
   1   8   7   5   7            27.1         27.1          29.6           4.4          6.1          8.58        13.00                       42.6   1   1                35.1               14.4                                   49.5          6.1      49.5
   1   8   7   5   8            27.1         27.1          29.6           4.4          6.1          8.60        13.02                       42.6   1   1                35.1               14.4                                   49.5          6.1      49.5
   1   8   7   5   9            27.1         27.1          29.7           4.4          6.1          8.61        13.03                       42.7   1   1                35.1               14.4                                   49.5          6.1      49.5
   1   8   7   6   1            27.1         27.1          32.1           6.1          6.1          8.51        14.57                       46.7   1   1                35.1               14.4                                   49.5          6.1      49.5
   1   8   7   6   2            27.1         27.1          31.4           5.6          6.1          8.53        14.16                       45.6   1   1                35.1               14.4                                   49.5          6.1      49.5
   1   8   7   6   3            27.1         27.1          30.8           5.1          6.1          8.55        13.61                       44.4   1   1                35.1               14.4                                   49.5          6.1      49.5
   1   8   7   6   4            27.1         27.1          30.1           4.4          6.1          8.57        12.99                       43.1   1   1                35.1               14.4                                   49.5          6.1      49.5
   1   8   7   6   5            27.1         27.1          29.6           3.7          6.1          8.58        12.30                       41.9   1   1                35.1               14.4                                   49.5          6.1      49.5
   1   8   7   6   6            27.1         27.1          29.1           3.7          6.1          8.60        12.32                       41.4   1   1                35.1               14.4                                   49.5          6.1      49.5
   1   8   7   6   7            27.1         27.1          28.8           3.7          6.1          8.62        12.33                       41.1   1   1                35.1               14.4                                   49.5          6.1      49.5
   1   8   7   6   8            27.1         27.1          28.8           3.7          6.1          8.63        12.35                       41.1   1   1                35.1               14.4                                   49.5          6.1      49.5
   1   8   7   6   9            27.1         27.1          29.0           3.7          6.1          8.65        12.36                       41.4   1   1                35.1               14.4                                   49.5          6.1      49.5
   1   8   7   7   1            27.1         27.1          31.7           6.1          6.1          8.55        14.60                       46.3   1   1                35.1               14.4                                   49.5          6.1      49.5
   1   8   7   7   2            27.1         27.1          31.0           5.6          6.1          8.57        14.20                       45.2   1   1                35.1               14.4                                   49.5          6.1      49.5
   1   8   7   7   3            27.1         27.1          30.3           5.1          6.1          8.58        13.64                       43.9   1   1                35.1               14.4                                   49.5          6.1      49.5
   1   8   7   7   4            27.1         27.1          29.6           4.4          6.1          8.60        13.02                       42.6   1   1                35.1               14.4                                   49.5          6.1      49.5
   1   8   7   7   5            27.1         27.1          28.9           3.7          6.1          8.62        12.34                       41.3   1   1                35.1               14.4                                   49.5          6.1      49.5
   1   8   7   7   6            27.1         27.1          28.3           2.6          6.1          8.64        11.28                       39.6   1   1                35.1               14.4                                   49.5          6.1      49.5
   1   8   7   7   7            27.1         27.1          28.0           2.6          6.1          8.65        11.30                       39.3   1   1                35.1               14.4                                   49.5          6.1      49.5
   1   8   7   7   8            27.1         27.1          28.1           2.6          6.1          8.67        11.31                       39.4   1   1                35.1               14.4                                   49.5          6.1      49.5
   1   8   7   7   9            27.1         27.1          28.4           3.7          6.1          8.68        12.40                       40.8   1   1                35.1               14.4                                   49.5          6.1      49.5
   1   8   7   8   1            27.1         27.1          31.4           6.1          6.1          8.58        14.63                       46.0   1   1                35.1               14.4                                   49.5          6.1      49.5
   1   8   7   8   2            27.1         27.1          30.7           5.6          6.1          8.60        14.23                       44.9   1   1                35.1               14.4                                   49.5          6.1      49.5
   1   8   7   8   3            27.1         27.1          29.9           5.1          6.1          8.62        13.68                       43.6   1   1                35.1               14.4                                   49.5          6.1      49.5
   1   8   7   8   4            27.1         27.1          29.2           4.4          6.1          8.64        13.06                       42.3   1   1                35.1               14.4                                   49.5          6.1      49.5
   1   8   7   8   5            27.1         27.1          28.5           3.7          6.1          8.65        12.37                       40.9   1   1                35.1               14.4                                   49.5          6.1      49.5
   1   8   7   8   6            27.1         27.1          27.8           2.6          6.1          8.67        11.32                       39.1   1   1                35.1               14.4                                   49.5          6.1      49.5
   1   8   7   8   7            27.1         27.1          27.1           1.3          6.1          8.69         9.96                       37.1   1   1                35.1               14.4                                   49.5          6.1      49.5
   1   8   7   8   8            27.1         27.1          27.5           2.6          6.1          8.70        11.35                       38.9   1   1                35.1               14.4                                   49.5          6.1      49.5
   1   8   7   8   9            27.1         27.1          27.9           3.7          6.1          8.72        12.44                       40.4   1   1                35.1               14.4                                   49.5          6.1      49.5
   1   8   7   9   1            27.1         27.1          31.1           6.1          6.1          8.61        14.67                       45.8   1   1                35.1               14.4                                   49.5          6.1      49.5
   1   8   7   9   2            27.1         27.1          30.4           5.6          6.1          8.63        14.27                       44.7   1   1                35.1               14.4                                   49.5          6.1      49.5
   1   8   7   9   3            27.1         27.1          29.7           5.1          6.1          8.65        13.71                       43.4   1   1                35.1               14.4                                   49.5          6.1      49.5
   1   8   7   9   4            27.1         27.1          29.0           4.4          6.1          8.67        13.09                       42.1   1   1                35.1               14.4                                   49.5          6.1      49.5
   1   8   7   9   5            27.1         27.1          28.3           3.7          6.1          8.69        12.41                       40.7   1   1                35.1               14.4                                   49.5          6.1      49.5
   1   8   7   9   6            27.1         27.1          27.7           2.6          6.1          8.71        11.35                       39.1   1   1                35.1               14.4                                   49.5          6.1      49.5
   1   8   7   9   7            27.1         27.1          27.3           2.6          6.1          8.72        11.37                       38.7   1   1                35.1               14.4                                   49.5          6.1      49.5
   1   8   7   9   8            27.1         27.1          27.4           2.6          6.1          8.74        11.38                       38.8   1   1                35.1               14.4                                   49.5          6.1      49.5
   1   8   7   9   9            27.1         27.1          27.7           3.7          6.1          8.75        12.47                       40.2   1   1                35.1               14.4                                   49.5          6.1      49.5
   1   8   7  10   1            27.1         27.1          30.9           6.1          6.1          8.65        14.70                       45.6   1   1                35.1               14.4                                   49.5          6.1      49.5
   1   8   7  10   2            27.1         27.1          30.2           5.6          6.1          8.67        14.30                       44.5   1   1                35.1               14.4                                   49.5          6.1      49.5
   1   8   7  10   3            27.1         27.1          29.6           5.1          6.1          8.68        13.74                       43.3   1   1                35.1               14.4                                   49.5          6.1      49.5
   1   8   7  10   4            27.1         27.1          28.9           4.4          6.1          8.70        13.12                       42.0   1   1                35.1               14.4                                   49.5          6.1      49.5
   1   8   7  10   5            27.1         27.1          28.3           3.7          6.1          8.72        12.44                       40.8   1   1                35.1               14.4                                   49.5          6.1      49.5
   1   8   7  10   6            27.1         27.1          27.8           3.7          6.1          8.74        12.46                       40.3   1   1                35.1               14.4                                   49.5          6.1      49.5
   1   8   7  10   7            27.1         27.1          27.5           3.7          6.1          8.76        12.47                       40.0   1   1                35.1               14.4                                   49.5          6.1      49.5
   1   8   7  10   8            27.1         27.1          27.5           3.7          6.1          8.77        12.49                       40.0   1   1                35.1               14.4                                   49.5          6.1      49.5
   1   8   7  10   9            27.1         27.1          27.7           3.7          6.1          8.79        12.50                       40.2   1   1                35.1               14.4                                   49.5          6.1      49.5
   1   8   7  11   1            27.1         27.1          30.8           6.1          6.1          8.68        14.73                       45.6   1   1                35.1               14.4                                   49.5          6.1      49.5
   1   8   7  11   2            27.1         27.1          30.2           5.6          6.1          8.70        14.33                       44.5   1   1                35.1               14.4                                   49.5          6.1      49.5
   1   8   7  11   3            27.1         27.1          29.5           5.1          6.1          8.72        13.78                       43.3   1   1                35.1               14.4                                   49.5          6.1      49.5
   1   8   7  11   4            27.1         27.1          28.9           4.4          6.1          8.74        13.16                       42.1   1   1                35.1               14.4                                   49.5          6.1      49.5
   1   8   7  11   5            27.1         27.1          28.4           4.4          6.1          8.75        13.17                       41.6   1   1                35.1               14.4                                   49.5          6.1      49.5
   1   8   7  11   6            27.1         27.1          28.0           4.4          6.1          8.77        13.19                       41.2   1   1                35.1               14.4                                   49.5          6.1      49.5
   1   8   7  11   7            27.1         27.1          27.7           4.4          6.1          8.79        13.21                       41.0   1   1                35.1               14.4                                   49.5          6.1      49.5
   1   8   7  11   8            27.1         27.1          27.7           4.4          6.1          8.81        13.22                       40.9   1   1                35.1               14.4                                   49.5          6.1      49.5
   1   8   7  11   9            27.1         27.1          27.8           4.4          6.1          8.82        13.24                       41.0   1   1                35.1               14.4                                   49.5          6.1      49.5
   1   8   7  12   1            27.1         27.1          30.8           6.1          6.1          8.71        14.76                       45.5   1   1                35.1               14.4                                   49.5          6.1      49.5
   1   8   7  12   2            27.1         27.1          30.1           5.6          6.1          8.73        14.36                       44.5   1   1                35.1               14.4                                   49.5          6.1      49.5
   1   8   7  12   3            27.1         27.1          29.5           5.1          6.1          8.75        13.81                       43.4   1   1                35.1               14.4                                   49.5          6.1      49.5
   1   8   7  12   4            27.1         27.1          29.0           5.1          6.1          8.77        13.83                       42.8   1   1                35.1               14.4                                   49.5          6.1      49.5
   1   8   7  12   5            27.1         27.1          28.5           5.1          6.1          8.79        13.85                       42.4   1   1                35.1               14.4                                   49.5          6.1      49.5
   1   8   7  12   6            27.1         27.1          28.2           5.1          6.1          8.81        13.86                       42.0   1   1                35.1               14.4                                   49.5          6.1      49.5
   1   8   7  12   7            27.1         27.1          28.0           5.1          6.1          8.82        13.88                       41.8   1   1                35.1               14.4                                   49.5          6.1      49.5
   1   8   7  12   8            27.1         27.1          27.9           5.1          6.1          8.84        13.90                       41.8   1   1                35.1               14.4                                   49.5          6.1      49.5
   1   8   7  12   9            27.1         27.1          27.9           5.1          6.1          8.86        13.91                       41.8   1   1                35.1               14.4                                   49.5          6.1      49.5
   1   8   7  13   1            27.1         27.1          30.8           6.1          6.1          8.74        14.80                       45.6   1   1                35.1               14.4                                   49.5          6.1      49.5
   1   8   7  13   2            27.1         27.1          30.2           5.6          6.1          8.76        14.40                       44.6   1   1                35.1               14.4                                   49.5          6.1      49.5
   1   8   7  13   3            27.1         27.1          29.6           5.6          6.1          8.78        14.42                       44.0   1   1                35.1               14.4                                   49.5          6.1      49.5
   1   8   7  13   4            27.1         27.1          29.1           5.6          6.1          8.80        14.44                       43.6   1   1                35.1               14.4                                   49.5          6.1      49.5
   1   8   7  13   5            27.1         27.1          28.7           5.6          6.1          8.82        14.45                       43.2   1   1                35.1               14.4                                   49.5          6.1      49.5
   1   8   7  13   6            27.1         27.1          28.4           5.6          6.1          8.84        14.47                       42.8   1   1                35.1               14.4                                   49.5          6.1      49.5
   1   8   7  13   7            27.1         27.1          28.2           5.6          6.1          8.86        14.49                       42.7   1   1                35.1               14.4                                   49.5          6.1      49.5
   1   8   7  13   8            27.1         27.1          28.1           5.6          6.1          8.87        14.51                       42.6   1   1                35.1               14.4                                   49.5          6.1      49.5
   1   8   7  13   9            27.1         27.1          28.1           5.6          6.1          8.89        14.52                       42.6   1   1                35.1               14.4                                   49.5          6.1      49.5
   1   8   7  14   1            27.1         27.1          30.8           6.1          6.1          8.77        14.83                       45.7   1   1                35.1               14.4                                   49.5          6.1      49.5
   1   8   7  14   2            27.1         27.1          30.3           6.1          6.1          8.79        14.85                       45.1   1   1                35.1               14.4                                   49.5          6.1      49.5
   1   8   7  14   3            27.1         27.1          29.7           6.1          6.1          8.81        14.87                       44.6   1   1                35.1               14.4                                   49.5          6.1      49.5
   1   8   7  14   4            27.1         27.1          29.3           6.1          6.1          8.83        14.89                       44.2   1   1                35.1               14.4                                   49.5          6.1      49.5
   1   8   7  14   5            27.1         27.1          28.9           6.1          6.1          8.85        14.91                       43.8   1   1                35.1               14.4                                   49.5          6.1      49.5
   1   8   7  14   6            27.1         27.1          28.6           6.1          6.1          8.87        14.93                       43.5   1   1                35.1               14.4                                   49.5          6.1      49.5
   1   8   7  14   7            27.1         27.1          28.4           6.1          6.1          8.89        14.94                       43.3   1   1                35.1               14.4                                   49.5          6.1      49.5
   1   8   7  14   8            27.1         27.1          28.3           6.1          6.1          8.91        14.96                       43.2   1   1                35.1               14.4                                   49.5          6.1      49.5
   1   8   7  14   9            27.1         27.1          28.3           6.1          6.1          8.92        14.98                       43.2   1   1                35.1               14.4                                   49.5          6.1      49.5
   1   8   7  15   1            27.1         27.1          30.9           6.1          6.1          8.80        14.90                       45.8   1   1                35.1               14.4                                   49.5          6.1      49.5
   1   8   7  15   2            27.1         27.1          30.4           6.1          6.1          8.83        14.92                       45.3   1   1                35.1               14.4                                   49.5          6.1      49.5
   1   8   7  15   3            27.1         27.1          29.9           6.1          6.1          8.85        14.94                       44.8   1   1                35.1               14.4                                   49.5          6.1      49.5
   1   8   7  15   4            27.1         27.1          29.4           6.1          6.1          8.87        14.96                       44.4   1   1                35.1               14.4                                   49.5          6.1      49.5
   1   8   7  15   5            27.1         27.1          29.1           6.1          6.1          8.89        14.98                       44.1   1   1                35.1               14.4                                   49.5          6.1      49.5
   1   8   7  15   6            27.1         27.1          28.8           6.1          6.1          8.90        14.99                       43.8   1   1                35.1               14.4                                   49.5          6.1      49.5
   1   8   7  15   7            27.1         27.1          28.6           6.1          6.1          8.92        15.01                       43.6   1   1                35.1               14.4                                   49.5          6.1      49.5
   1   8   7  15   8            27.1         27.1          28.5           6.1          6.1          8.94        15.03                       43.5   1   1                35.1               14.4                                   49.5          6.1      49.5
   1   8   7  15   9            27.1         27.1          28.5           6.1          6.1          8.95        15.05                       43.5   1   1                35.1               14.4                                   49.5          6.1      49.5
   1   8   7  16   1            27.1         27.1          31.0           5.9          6.1          8.84        14.78                       45.8   1   1                35.1               14.4                                   49.5          6.1      49.5
   1   8   7  16   2            27.1         27.1          30.5           5.9          6.1          8.86        14.80                       45.3   1   1                35.1               14.4                                   49.5          6.1      49.5
   1   8   7  16   3            27.1         27.1          30.0           5.9          6.1          8.88        14.82                       44.9   1   1                35.1               14.4                                   49.5          6.1      49.5
   1   8   7  16   4            27.1         27.1          29.6           5.9          6.1          8.90        14.84                       44.5   1   1                35.1               14.4                                   49.5          6.1      49.5
   1   8   7  16   5            27.1         27.1          29.3           5.9          6.1          8.92        14.86                       44.1   1   1                35.1               14.4                                   49.5          6.1      49.5
   1   8   7  16   6            27.1         27.1          29.0           5.9          6.1          8.94        14.88                       43.9   1   1                35.1               14.4                                   49.5          6.1      49.5
   1   8   7  16   7            27.1         27.1          28.8           5.9          6.1          8.95        14.89                       43.7   1   1                35.1               14.4                                   49.5          6.1      49.5
   1   8   7  16   8            27.1         27.1          28.7           5.9          6.1          8.97        14.91                       43.6   1   1                35.1               14.4                                   49.5          6.1      49.5
   1   8   7  16   9            27.1         27.1          28.7           5.9          6.1          8.99        14.93                       43.6   1   1                35.1               14.4                                   49.5          6.1      49.5
   1   8   7  17   1            27.1         27.1          31.2           5.7          6.1          8.87        14.56                       45.7   1   1                35.1               14.4                                   49.5          6.1      49.5
   1   8   7  17   2            27.1         27.1          30.7           5.7          6.1          8.89        14.58                       45.2   1   1                35.1               14.4                                   49.5          6.1      49.5
   1   8   7  17   3            27.1         27.1          30.2           5.7          6.1          8.91        14.61                       44.8   1   1                35.1               14.4                                   49.5          6.1      49.5
   1   8   7  17   4            27.1         27.1          29.8           5.7          6.1          8.93        14.63                       44.5   1   1                35.1               14.4                                   49.5          6.1      49.5
   1   8   7  17   5            27.1         27.1          29.5           5.7          6.1          8.95        14.65                       44.1   1   1                35.1               14.4                                   49.5          6.1      49.5
   1   8   7  17   6            27.1         27.1          29.2           5.7          6.1          8.97        14.66                       43.9   1   1                35.1               14.4                                   49.5          6.1      49.5
   1   8   7  17   7            27.1         27.1          29.0           5.7          6.1          8.99        14.68                       43.7   1   1                35.1               14.4                                   49.5          6.1      49.5
   1   8   7  17   8            27.1         27.1          28.9           5.7          6.1          9.00        14.70                       43.6   1   1                35.1               14.4                                   49.5          6.1      49.5
   1   8   7  17   9            27.1         27.1          28.9           5.7          6.1          9.02        14.72                       43.6   1   1                35.1               14.4                                   49.5          6.1      49.5
   1   8   7  18   1            27.1         27.1          31.3           5.3          6.1          8.90        14.23                       45.5   1   1                35.1               14.4                                   49.5          6.1      49.5
   1   8   7  18   2            27.1         27.1          30.8           5.3          6.1          8.92        14.25                       45.1   1   1                35.1               14.4                                   49.5          6.1      49.5
   1   8   7  18   3            27.1         27.1          30.4           5.3          6.1          8.94        14.28                       44.7   1   1                35.1               14.4                                   49.5          6.1      49.5
   1   8   7  18   4            27.1         27.1          30.0           5.3          6.1          8.96        14.30                       44.3   1   1                35.1               14.4                                   49.5          6.1      49.5
   1   8   7  18   5            27.1         27.1          29.7           5.3          6.1          8.98        14.32                       44.0   1   1                35.1               14.4                                   49.5          6.1      49.5
   1   8   7  18   6            27.1         27.1          29.5           5.3          6.1          9.00        14.34                       43.8   1   1                35.1               14.4                                   49.5          6.1      49.5
   1   8   7  18   7            27.1         27.1          29.3           5.3          6.1          9.02        14.35                       43.6   1   1                35.1               14.4                                   49.5          6.1      49.5
   1   8   7  18   8            27.1         27.1          29.1           5.3          6.1          9.03        14.37                       43.5   1   1                35.1               14.4                                   49.5          6.1      49.5
   1   8   7  18   9            27.1         27.1          29.1           5.3          6.1          9.05        14.39                       43.5   1   1                35.1               14.4                                   49.5          6.1      49.5
   1   8   7  19   1            27.1         27.1          31.5           4.8          6.1          8.93        13.73                       45.2   1   1                35.1               14.4                                   49.5          6.1      49.5
   1   8   7  19   2            27.1         27.1          31.0           4.8          6.1          8.95        13.75                       44.8   1   1                35.1               14.4                                   49.5          6.1      49.5
   1   8   7  19   3            27.1         27.1          30.6           4.8          6.1          8.97        13.77                       44.4   1   1                35.1               14.4                                   49.5          6.1      49.5
   1   8   7  19   4            27.1         27.1          30.2           4.8          6.1          8.99        13.79                       44.0   1   1                35.1               14.4                                   49.5          6.1      49.5
   1   8   7  19   5            27.1         27.1          29.9           4.8          6.1          9.01        13.81                       43.8   1   1                35.1               14.4                                   49.5          6.1      49.5
   1   8   7  19   6            27.1         27.1          29.7           4.8          6.1          9.03        13.83                       43.5   1   1                35.1               14.4                                   49.5          6.1      49.5
   1   8   7  19   7            27.1         27.1          29.5           4.8          6.1          9.05        13.85                       43.3   1   1                35.1               14.4                                   49.5          6.1      49.5
   1   8   7  19   8            27.1         27.1          29.4           4.8          6.1          9.07        13.87                       43.2   1   1                35.1               14.4                                   49.5          6.1      49.5
   1   8   7  19   9            27.1         27.1          29.3           4.8          6.1          9.08        13.89                       43.2   1   1                35.1               14.4                                   49.5          6.1      49.5
   1   8   7  20   1            27.1         27.1          31.7           4.5          6.1          8.95        13.48                       45.1   1   1                35.1               14.4                                   49.5          6.1      49.5
   1   8   7  20   2            27.1         27.1          31.2           4.5          6.1          8.98        13.50                       44.7   1   1                35.1               14.4                                   49.5          6.1      49.5
   1   8   7  20   3            27.1         27.1          30.8           4.5          6.1          9.00        13.52                       44.3   1   1                35.1               14.4                                   49.5          6.1      49.5
   1   8   7  20   4            27.1         27.1          30.5           4.5          6.1          9.02        13.54                       44.0   1   1                35.1               14.4                                   49.5          6.1      49.5
   1   8   7  20   5            27.1         27.1          30.2           4.5          6.1          9.04        13.56                       43.7   1   1                35.1               14.4                                   49.5          6.1      49.5
   1   8   7  20   6            27.1         27.1          29.9           4.5          6.1          9.06        13.58                       43.5   1   1                35.1               14.4                                   49.5          6.1      49.5
   1   8   7  20   7            27.1         27.1          29.7           4.5          6.1          9.08        13.60                       43.3   1   1                35.1               14.4                                   49.5          6.1      49.5
   1   8   7  20   8            27.1         27.1          29.6           4.5          6.1          9.10        13.62                       43.2   1   1                35.1               14.4                                   49.5          6.1      49.5
   1   8   7  20   9            27.1         27.1          29.5           4.5          6.1          9.11        13.64                       43.1   1   1                35.1               14.4                                   49.5          6.1      49.5
   1   8   7  21   1            27.1         27.1          31.8           4.5          6.1          8.98        13.51                       45.4   1   1                35.1               14.4                                   49.5          6.1      49.5
   1   8   7  21   2            27.1         27.1          31.4           4.5          6.1          9.01        13.53                       44.9   1   1                35.1               14.4                                   49.5          6.1      49.5
   1   8   7  21   3            27.1         27.1          31.0           4.5          6.1          9.03        13.55                       44.6   1   1                35.1               14.4                                   49.5          6.1      49.5
   1   8   7  21   4            27.1         27.1          30.7           4.5          6.1          9.05        13.57                       44.3   1   1                35.1               14.4                                   49.5          6.1      49.5
   1   8   7  21   5            27.1         27.1          30.4           4.5          6.1          9.07        13.59                       44.0   1   1                35.1               14.4                                   49.5          6.1      49.5
   1   8   7  21   6            27.1         27.1          30.2           4.5          6.1          9.09        13.61                       43.8   1   1                35.1               14.4                                   49.5          6.1      49.5
   1   8   7  21   7            27.1         27.1          30.0           4.5          6.1          9.11        13.63                       43.6   1   1                35.1               14.4                                   49.5          6.1      49.5
   1   8   7  21   8            27.1         27.1          29.8           4.5          6.1          9.13        13.65                       43.5   1   1                35.1               14.4                                   49.5          6.1      49.5
   1   8   7  21   9            27.1         27.1          29.7           4.5          6.1          9.14        13.67                       43.4   1   1                35.1               14.4                                   49.5          6.1      49.5
   1   8   7  22   1            27.1         27.1          32.1           4.5          6.1          9.01        13.53                       45.6   1   1                35.1               14.4                                   49.5          6.1      49.5
   1   8   7  22   2            27.1         27.1          31.6           4.5          6.1          9.03        13.56                       45.2   1   1                35.1               14.4                                   49.5          6.1      49.5
   1   8   7  22   3            27.1         27.1          31.3           4.5          6.1          9.06        13.58                       44.8   1   1                35.1               14.4                                   49.5          6.1      49.5
   1   8   7  22   4            27.1         27.1          30.9           4.5          6.1          9.08        13.60                       44.5   1   1                35.1               14.4                                   49.5          6.1      49.5
   1   8   7  22   5            27.1         27.1          30.6           4.5          6.1          9.10        13.62                       44.3   1   1                35.1               14.4                                   49.5          6.1      49.5
   1   8   7  22   6            27.1         27.1          30.4           4.5          6.1          9.12        13.64                       44.0   1   1                35.1               14.4                                   49.5          6.1      49.5
   1   8   7  22   7            27.1         27.1          30.2           4.5          6.1          9.14        13.66                       43.9   1   1                35.1               14.4                                   49.5          6.1      49.5
   1   8   7  22   8            27.1         27.1          30.1           4.5          6.1          9.16        13.68                       43.7   1   1                35.1               14.4                                   49.5          6.1      49.5
   1   8   7  22   9            27.1         27.1          30.0           4.5          6.1          9.17        13.70                       43.7   1   1                35.1               14.4                                   49.5          6.1      49.5
   1   8   7  23   1            27.1         27.1          32.3           4.5          6.1          9.04        13.56                       45.8   1   1                35.1               14.4                                   49.5          6.1      49.5
   1   8   7  23   2            27.1         27.1          31.9           4.5          6.1          9.06        13.58                       45.4   1   1                35.1               14.4                                   49.5          6.1      49.5
   1   8   7  23   3            27.1         27.1          31.5           4.5          6.1          9.08        13.61                       45.1   1   1                35.1               14.4                                   49.5          6.1      49.5
   1   8   7  23   4            27.1         27.1          31.2           4.5          6.1          9.11        13.63                       44.8   1   1                35.1               14.4                                   49.5          6.1      49.5
   1   8   7  23   5            27.1         27.1          30.9           4.5          6.1          9.13        13.65                       44.5   1   1                35.1               14.4                                   49.5          6.1      49.5
   1   8   7  23   6            27.1         27.1          30.6           4.5          6.1          9.15        13.67                       44.3   1   1                35.1               14.4                                   49.5          6.1      49.5
   1   8   7  23   7            27.1         27.1          30.5           4.5          6.1          9.17        13.69                       44.1   1   1                35.1               14.4                                   49.5          6.1      49.5
   1   8   7  23   8            27.1         27.1          30.3           4.5          6.1          9.19        13.71                       44.0   1   1                35.1               14.4                                   49.5          6.1      49.5
   1   8   7  23   9            27.1         27.1          30.2           4.5          6.1          9.20        13.73                       43.9   1   1                35.1               14.4                                   49.5          6.1      49.5
